03-09-2023 22:05:02 error: registration,v1/registration/addRegistration,name is not allowed to be empty,400,Sun Sep 03 2023 22:05:02 GMT+0530 (India Standard Time),Sun Sep 03 2023 22:05:02 GMT+0530 (India Standard Time)
03-09-2023 22:13:54 error: registration,v1/registration/addRegistration,name is not allowed to be empty,400,Sun Sep 03 2023 22:13:54 GMT+0530 (India Standard Time),Sun Sep 03 2023 22:13:54 GMT+0530 (India Standard Time)
03-09-2023 22:13:59 error: contact,v1/contact/addContact,Name cannot be empty,400,Sun Sep 03 2023 22:13:59 GMT+0530 (India Standard Time),Sun Sep 03 2023 22:13:59 GMT+0530 (India Standard Time)
03-09-2023 22:48:14 error: updateProject,v1/project/updateProject,Project Id is required,400,Sun Sep 03 2023 22:48:14 GMT+0530 (India Standard Time),Sun Sep 03 2023 22:48:14 GMT+0530 (India Standard Time)
03-09-2023 22:49:28 error: updateProject,v1/project/updateProject,Project Id is required,400,Sun Sep 03 2023 22:49:28 GMT+0530 (India Standard Time),Sun Sep 03 2023 22:49:28 GMT+0530 (India Standard Time)
03-09-2023 22:53:30 error: updateProject,v1/project/updateProject,Project Id is required,400,Sun Sep 03 2023 22:53:30 GMT+0530 (India Standard Time),Sun Sep 03 2023 22:53:30 GMT+0530 (India Standard Time)
03-09-2023 22:54:14 error: updateProject,v1/project/updateProject,Project Id is required,400,Sun Sep 03 2023 22:54:14 GMT+0530 (India Standard Time),Sun Sep 03 2023 22:54:14 GMT+0530 (India Standard Time)
03-09-2023 22:55:07 error: updateProject,v1/project/updateProject,Project Id is required,400,Sun Sep 03 2023 22:55:07 GMT+0530 (India Standard Time),Sun Sep 03 2023 22:55:07 GMT+0530 (India Standard Time)
03-09-2023 22:56:29 error: updateProject,v1/project/updateProject,Project Id is required,400,Sun Sep 03 2023 22:56:29 GMT+0530 (India Standard Time),Sun Sep 03 2023 22:56:29 GMT+0530 (India Standard Time)
03-09-2023 22:56:47 error: updateProject,v1/project/updateProject,Project Id is required,400,Sun Sep 03 2023 22:56:47 GMT+0530 (India Standard Time),Sun Sep 03 2023 22:56:47 GMT+0530 (India Standard Time)
03-09-2023 22:59:59 error: updateProject,v1/project/updateProject,Project Id is required,400,Sun Sep 03 2023 22:59:59 GMT+0530 (India Standard Time),Sun Sep 03 2023 22:59:59 GMT+0530 (India Standard Time)
03-09-2023 23:01:18 error: updateProject,v1/project/updateProject,Project Id is required,400,Sun Sep 03 2023 23:01:18 GMT+0530 (India Standard Time),Sun Sep 03 2023 23:01:18 GMT+0530 (India Standard Time)
03-09-2023 23:07:02 error: uploadGallery,v1/gallery/delteGalleryItem,delete,404,Sun Sep 03 2023 23:07:02 GMT+0530 (India Standard Time),Sun Sep 03 2023 23:07:02 GMT+0530 (India Standard Time)
03-09-2023 23:23:52 error: uploadGallery,v1/gallery/delteGalleryItem/:galleryItemId,delete,404,Sun Sep 03 2023 23:23:52 GMT+0530 (India Standard Time),Sun Sep 03 2023 23:23:52 GMT+0530 (India Standard Time)
03-09-2023 23:27:10 error: uploadGallery,v1/gallery/deleteGalleryItem/:galleryItemId,galleryItemId must be a number,400,Sun Sep 03 2023 23:27:10 GMT+0530 (India Standard Time),Sun Sep 03 2023 23:27:10 GMT+0530 (India Standard Time)
03-09-2023 23:27:27 error: uploadGallery,v1/gallery/deleteGalleryItem/:galleryItemId,delete,404,Sun Sep 03 2023 23:27:27 GMT+0530 (India Standard Time),Sun Sep 03 2023 23:27:27 GMT+0530 (India Standard Time)
03-09-2023 23:29:20 error: uploadGallery,v1/gallery/deleteGalleryItem/:galleryItemId,galleryItemId must be a number,400,Sun Sep 03 2023 23:29:20 GMT+0530 (India Standard Time),Sun Sep 03 2023 23:29:20 GMT+0530 (India Standard Time)
03-09-2023 23:29:20 error: uploadGallery,v1/gallery/deleteGalleryItem/:galleryItemId,galleryItemId must be a number,400,Sun Sep 03 2023 23:29:20 GMT+0530 (India Standard Time),Sun Sep 03 2023 23:29:20 GMT+0530 (India Standard Time)
03-09-2023 23:29:21 error: uploadGallery,v1/gallery/deleteGalleryItem/:galleryItemId,galleryItemId must be a number,400,Sun Sep 03 2023 23:29:21 GMT+0530 (India Standard Time),Sun Sep 03 2023 23:29:21 GMT+0530 (India Standard Time)
03-09-2023 23:29:21 error: uploadGallery,v1/gallery/deleteGalleryItem/:galleryItemId,galleryItemId must be a number,400,Sun Sep 03 2023 23:29:21 GMT+0530 (India Standard Time),Sun Sep 03 2023 23:29:21 GMT+0530 (India Standard Time)
03-09-2023 23:29:21 error: uploadGallery,v1/gallery/deleteGalleryItem/:galleryItemId,galleryItemId must be a number,400,Sun Sep 03 2023 23:29:21 GMT+0530 (India Standard Time),Sun Sep 03 2023 23:29:21 GMT+0530 (India Standard Time)
03-09-2023 23:29:21 error: uploadGallery,v1/gallery/deleteGalleryItem/:galleryItemId,galleryItemId must be a number,400,Sun Sep 03 2023 23:29:21 GMT+0530 (India Standard Time),Sun Sep 03 2023 23:29:21 GMT+0530 (India Standard Time)
03-09-2023 23:29:21 error: uploadGallery,v1/gallery/deleteGalleryItem/:galleryItemId,galleryItemId must be a number,400,Sun Sep 03 2023 23:29:21 GMT+0530 (India Standard Time),Sun Sep 03 2023 23:29:21 GMT+0530 (India Standard Time)
03-09-2023 23:29:22 error: uploadGallery,v1/gallery/deleteGalleryItem/:galleryItemId,galleryItemId must be a number,400,Sun Sep 03 2023 23:29:22 GMT+0530 (India Standard Time),Sun Sep 03 2023 23:29:22 GMT+0530 (India Standard Time)
03-09-2023 23:29:22 error: uploadGallery,v1/gallery/deleteGalleryItem/:galleryItemId,galleryItemId must be a number,400,Sun Sep 03 2023 23:29:22 GMT+0530 (India Standard Time),Sun Sep 03 2023 23:29:22 GMT+0530 (India Standard Time)
03-09-2023 23:29:22 error: uploadGallery,v1/gallery/deleteGalleryItem/:galleryItemId,galleryItemId must be a number,400,Sun Sep 03 2023 23:29:22 GMT+0530 (India Standard Time),Sun Sep 03 2023 23:29:22 GMT+0530 (India Standard Time)
03-09-2023 23:29:22 error: uploadGallery,v1/gallery/deleteGalleryItem/:galleryItemId,galleryItemId must be a number,400,Sun Sep 03 2023 23:29:22 GMT+0530 (India Standard Time),Sun Sep 03 2023 23:29:22 GMT+0530 (India Standard Time)
03-09-2023 23:29:23 error: uploadGallery,v1/gallery/deleteGalleryItem/:galleryItemId,galleryItemId must be a number,400,Sun Sep 03 2023 23:29:23 GMT+0530 (India Standard Time),Sun Sep 03 2023 23:29:23 GMT+0530 (India Standard Time)
03-09-2023 23:29:23 error: uploadGallery,v1/gallery/deleteGalleryItem/:galleryItemId,galleryItemId must be a number,400,Sun Sep 03 2023 23:29:23 GMT+0530 (India Standard Time),Sun Sep 03 2023 23:29:23 GMT+0530 (India Standard Time)
03-09-2023 23:29:23 error: uploadGallery,v1/gallery/deleteGalleryItem/:galleryItemId,galleryItemId must be a number,400,Sun Sep 03 2023 23:29:23 GMT+0530 (India Standard Time),Sun Sep 03 2023 23:29:23 GMT+0530 (India Standard Time)
03-09-2023 23:29:23 error: uploadGallery,v1/gallery/deleteGalleryItem/:galleryItemId,galleryItemId must be a number,400,Sun Sep 03 2023 23:29:23 GMT+0530 (India Standard Time),Sun Sep 03 2023 23:29:23 GMT+0530 (India Standard Time)
03-09-2023 23:29:24 error: uploadGallery,v1/gallery/deleteGalleryItem/:galleryItemId,galleryItemId must be a number,400,Sun Sep 03 2023 23:29:24 GMT+0530 (India Standard Time),Sun Sep 03 2023 23:29:24 GMT+0530 (India Standard Time)
03-09-2023 23:29:24 error: uploadGallery,v1/gallery/deleteGalleryItem/:galleryItemId,galleryItemId must be a number,400,Sun Sep 03 2023 23:29:24 GMT+0530 (India Standard Time),Sun Sep 03 2023 23:29:24 GMT+0530 (India Standard Time)
03-09-2023 23:29:24 error: uploadGallery,v1/gallery/deleteGalleryItem/:galleryItemId,galleryItemId must be a number,400,Sun Sep 03 2023 23:29:24 GMT+0530 (India Standard Time),Sun Sep 03 2023 23:29:24 GMT+0530 (India Standard Time)
03-09-2023 23:29:25 error: uploadGallery,v1/gallery/deleteGalleryItem/:galleryItemId,galleryItemId must be a number,400,Sun Sep 03 2023 23:29:25 GMT+0530 (India Standard Time),Sun Sep 03 2023 23:29:25 GMT+0530 (India Standard Time)
03-09-2023 23:29:25 error: uploadGallery,v1/gallery/deleteGalleryItem/:galleryItemId,galleryItemId must be a number,400,Sun Sep 03 2023 23:29:25 GMT+0530 (India Standard Time),Sun Sep 03 2023 23:29:25 GMT+0530 (India Standard Time)
03-09-2023 23:29:25 error: uploadGallery,v1/gallery/deleteGalleryItem/:galleryItemId,galleryItemId must be a number,400,Sun Sep 03 2023 23:29:25 GMT+0530 (India Standard Time),Sun Sep 03 2023 23:29:25 GMT+0530 (India Standard Time)
03-09-2023 23:29:26 error: uploadGallery,v1/gallery/deleteGalleryItem/:galleryItemId,galleryItemId must be a number,400,Sun Sep 03 2023 23:29:26 GMT+0530 (India Standard Time),Sun Sep 03 2023 23:29:26 GMT+0530 (India Standard Time)
03-09-2023 23:29:26 error: uploadGallery,v1/gallery/deleteGalleryItem/:galleryItemId,galleryItemId must be a number,400,Sun Sep 03 2023 23:29:26 GMT+0530 (India Standard Time),Sun Sep 03 2023 23:29:26 GMT+0530 (India Standard Time)
03-09-2023 23:29:26 error: uploadGallery,v1/gallery/deleteGalleryItem/:galleryItemId,galleryItemId must be a number,400,Sun Sep 03 2023 23:29:26 GMT+0530 (India Standard Time),Sun Sep 03 2023 23:29:26 GMT+0530 (India Standard Time)
03-09-2023 23:29:27 error: uploadGallery,v1/gallery/deleteGalleryItem/:galleryItemId,galleryItemId must be a number,400,Sun Sep 03 2023 23:29:27 GMT+0530 (India Standard Time),Sun Sep 03 2023 23:29:27 GMT+0530 (India Standard Time)
03-09-2023 23:29:27 error: uploadGallery,v1/gallery/deleteGalleryItem/:galleryItemId,galleryItemId must be a number,400,Sun Sep 03 2023 23:29:27 GMT+0530 (India Standard Time),Sun Sep 03 2023 23:29:27 GMT+0530 (India Standard Time)
03-09-2023 23:29:27 error: uploadGallery,v1/gallery/deleteGalleryItem/:galleryItemId,galleryItemId must be a number,400,Sun Sep 03 2023 23:29:27 GMT+0530 (India Standard Time),Sun Sep 03 2023 23:29:27 GMT+0530 (India Standard Time)
03-09-2023 23:29:27 error: uploadGallery,v1/gallery/deleteGalleryItem/:galleryItemId,galleryItemId must be a number,400,Sun Sep 03 2023 23:29:27 GMT+0530 (India Standard Time),Sun Sep 03 2023 23:29:27 GMT+0530 (India Standard Time)
03-09-2023 23:29:28 error: uploadGallery,v1/gallery/deleteGalleryItem/:galleryItemId,galleryItemId must be a number,400,Sun Sep 03 2023 23:29:28 GMT+0530 (India Standard Time),Sun Sep 03 2023 23:29:28 GMT+0530 (India Standard Time)
03-09-2023 23:29:28 error: uploadGallery,v1/gallery/deleteGalleryItem/:galleryItemId,galleryItemId must be a number,400,Sun Sep 03 2023 23:29:28 GMT+0530 (India Standard Time),Sun Sep 03 2023 23:29:28 GMT+0530 (India Standard Time)
03-09-2023 23:29:28 error: uploadGallery,v1/gallery/deleteGalleryItem/:galleryItemId,galleryItemId must be a number,400,Sun Sep 03 2023 23:29:28 GMT+0530 (India Standard Time),Sun Sep 03 2023 23:29:28 GMT+0530 (India Standard Time)
03-09-2023 23:29:29 error: uploadGallery,v1/gallery/deleteGalleryItem/:galleryItemId,galleryItemId must be a number,400,Sun Sep 03 2023 23:29:29 GMT+0530 (India Standard Time),Sun Sep 03 2023 23:29:29 GMT+0530 (India Standard Time)
03-09-2023 23:29:29 error: uploadGallery,v1/gallery/deleteGalleryItem/:galleryItemId,galleryItemId must be a number,400,Sun Sep 03 2023 23:29:29 GMT+0530 (India Standard Time),Sun Sep 03 2023 23:29:29 GMT+0530 (India Standard Time)
03-09-2023 23:29:29 error: uploadGallery,v1/gallery/deleteGalleryItem/:galleryItemId,galleryItemId must be a number,400,Sun Sep 03 2023 23:29:29 GMT+0530 (India Standard Time),Sun Sep 03 2023 23:29:29 GMT+0530 (India Standard Time)
03-09-2023 23:29:29 error: uploadGallery,v1/gallery/deleteGalleryItem/:galleryItemId,galleryItemId must be a number,400,Sun Sep 03 2023 23:29:29 GMT+0530 (India Standard Time),Sun Sep 03 2023 23:29:29 GMT+0530 (India Standard Time)
03-09-2023 23:29:30 error: uploadGallery,v1/gallery/deleteGalleryItem/:galleryItemId,galleryItemId must be a number,400,Sun Sep 03 2023 23:29:30 GMT+0530 (India Standard Time),Sun Sep 03 2023 23:29:30 GMT+0530 (India Standard Time)
03-09-2023 23:29:30 error: uploadGallery,v1/gallery/deleteGalleryItem/:galleryItemId,galleryItemId must be a number,400,Sun Sep 03 2023 23:29:30 GMT+0530 (India Standard Time),Sun Sep 03 2023 23:29:30 GMT+0530 (India Standard Time)
03-09-2023 23:29:30 error: uploadGallery,v1/gallery/deleteGalleryItem/:galleryItemId,galleryItemId must be a number,400,Sun Sep 03 2023 23:29:30 GMT+0530 (India Standard Time),Sun Sep 03 2023 23:29:30 GMT+0530 (India Standard Time)
03-09-2023 23:29:30 error: uploadGallery,v1/gallery/deleteGalleryItem/:galleryItemId,galleryItemId must be a number,400,Sun Sep 03 2023 23:29:30 GMT+0530 (India Standard Time),Sun Sep 03 2023 23:29:30 GMT+0530 (India Standard Time)
03-09-2023 23:29:31 error: uploadGallery,v1/gallery/deleteGalleryItem/:galleryItemId,galleryItemId must be a number,400,Sun Sep 03 2023 23:29:31 GMT+0530 (India Standard Time),Sun Sep 03 2023 23:29:31 GMT+0530 (India Standard Time)
03-09-2023 23:29:31 error: uploadGallery,v1/gallery/deleteGalleryItem/:galleryItemId,galleryItemId must be a number,400,Sun Sep 03 2023 23:29:31 GMT+0530 (India Standard Time),Sun Sep 03 2023 23:29:31 GMT+0530 (India Standard Time)
03-09-2023 23:29:31 error: uploadGallery,v1/gallery/deleteGalleryItem/:galleryItemId,galleryItemId must be a number,400,Sun Sep 03 2023 23:29:31 GMT+0530 (India Standard Time),Sun Sep 03 2023 23:29:31 GMT+0530 (India Standard Time)
03-09-2023 23:29:32 error: uploadGallery,v1/gallery/deleteGalleryItem/:galleryItemId,galleryItemId must be a number,400,Sun Sep 03 2023 23:29:32 GMT+0530 (India Standard Time),Sun Sep 03 2023 23:29:32 GMT+0530 (India Standard Time)
03-09-2023 23:29:32 error: uploadGallery,v1/gallery/deleteGalleryItem/:galleryItemId,galleryItemId must be a number,400,Sun Sep 03 2023 23:29:32 GMT+0530 (India Standard Time),Sun Sep 03 2023 23:29:32 GMT+0530 (India Standard Time)
03-09-2023 23:29:32 error: uploadGallery,v1/gallery/deleteGalleryItem/:galleryItemId,galleryItemId must be a number,400,Sun Sep 03 2023 23:29:32 GMT+0530 (India Standard Time),Sun Sep 03 2023 23:29:32 GMT+0530 (India Standard Time)
03-09-2023 23:29:33 error: uploadGallery,v1/gallery/deleteGalleryItem/:galleryItemId,galleryItemId must be a number,400,Sun Sep 03 2023 23:29:33 GMT+0530 (India Standard Time),Sun Sep 03 2023 23:29:33 GMT+0530 (India Standard Time)
03-09-2023 23:29:33 error: uploadGallery,v1/gallery/deleteGalleryItem/:galleryItemId,galleryItemId must be a number,400,Sun Sep 03 2023 23:29:33 GMT+0530 (India Standard Time),Sun Sep 03 2023 23:29:33 GMT+0530 (India Standard Time)
03-09-2023 23:29:33 error: uploadGallery,v1/gallery/deleteGalleryItem/:galleryItemId,galleryItemId must be a number,400,Sun Sep 03 2023 23:29:33 GMT+0530 (India Standard Time),Sun Sep 03 2023 23:29:33 GMT+0530 (India Standard Time)
03-09-2023 23:37:13 error: getAllGalleryItemsByProjectId,v1/gallery/getGalleryList/:projectId,getAllGalleryItemsByProjectId,200,Sun Sep 03 2023 23:37:13 GMT+0530 (India Standard Time),Sun Sep 03 2023 23:37:13 GMT+0530 (India Standard Time)
03-09-2023 23:51:51 error: getAllGalleryItemsByProjectId,v1/gallery/getGalleryList/:projectId,getAllGalleryItemsByProjectId,200,Sun Sep 03 2023 23:51:51 GMT+0530 (India Standard Time),Sun Sep 03 2023 23:51:51 GMT+0530 (India Standard Time)
03-09-2023 23:51:58 error: getAllGalleryItemsByProjectId,v1/gallery/getGalleryList/:projectId,getAllGalleryItemsByProjectId,200,Sun Sep 03 2023 23:51:58 GMT+0530 (India Standard Time),Sun Sep 03 2023 23:51:58 GMT+0530 (India Standard Time)
03-09-2023 23:52:08 error: getAllGalleryItemsByProjectId,v1/gallery/getGalleryList/:projectId,getAllGalleryItemsByProjectId,200,Sun Sep 03 2023 23:52:08 GMT+0530 (India Standard Time),Sun Sep 03 2023 23:52:08 GMT+0530 (India Standard Time)
03-09-2023 23:52:14 error: getAllGalleryItemsByProjectId,v1/gallery/getGalleryList/:projectId,getAllGalleryItemsByProjectId,200,Sun Sep 03 2023 23:52:14 GMT+0530 (India Standard Time),Sun Sep 03 2023 23:52:14 GMT+0530 (India Standard Time)
03-09-2023 23:53:19 error: getAllGalleryItemsByProjectId,v1/gallery/getGalleryList/:projectId,getAllGalleryItemsByProjectId,200,Sun Sep 03 2023 23:53:19 GMT+0530 (India Standard Time),Sun Sep 03 2023 23:53:19 GMT+0530 (India Standard Time)
