18-08-2023 19:19:23 error: registration,v1/registration,Email Id Already Exists,404,Fri Aug 18 2023 19:19:23 GMT+0530 (India Standard Time),Fri Aug 18 2023 19:19:23 GMT+0530 (India Standard Time)
18-08-2023 19:21:45 error: registration,v1/registration,Email Id Already Exists,404,Fri Aug 18 2023 19:21:45 GMT+0530 (India Standard Time),Fri Aug 18 2023 19:21:45 GMT+0530 (India Standard Time)
18-08-2023 19:55:56 error: getCommercialPropertyBy0,v1/properties/commercial/:propertyId,No Details found,404,Fri Aug 18 2023 19:55:56 GMT+0530 (India Standard Time),Fri Aug 18 2023 19:55:56 GMT+0530 (India Standard Time)
18-08-2023 19:58:52 error: getCommercialPropertyBy0,v1/properties/commercial/:propertyId,No Details found,404,Fri Aug 18 2023 19:58:52 GMT+0530 (India Standard Time),Fri Aug 18 2023 19:58:52 GMT+0530 (India Standard Time)
18-08-2023 20:00:27 error: getCommercialPropertyBy0,v1/properties/commercial/:propertyId,No Details found,404,Fri Aug 18 2023 20:00:27 GMT+0530 (India Standard Time),Fri Aug 18 2023 20:00:27 GMT+0530 (India Standard Time)
18-08-2023 20:00:59 error: getCommercialPropertyBy0,v1/properties/commercial/:propertyId,No Details found,404,Fri Aug 18 2023 20:00:59 GMT+0530 (India Standard Time),Fri Aug 18 2023 20:00:59 GMT+0530 (India Standard Time)
18-08-2023 20:02:30 error: getCommercialPropertyBy0,v1/properties/commercial/:propertyId,No Details found,404,Fri Aug 18 2023 20:02:30 GMT+0530 (India Standard Time),Fri Aug 18 2023 20:02:30 GMT+0530 (India Standard Time)
18-08-2023 20:06:44 error: getCommercialPropertyBy0,v1/properties/commercial/:propertyId,No Details found,404,Fri Aug 18 2023 20:06:44 GMT+0530 (India Standard Time),Fri Aug 18 2023 20:06:44 GMT+0530 (India Standard Time)
18-08-2023 20:07:04 error: getCommercialPropertyBy0,v1/properties/commercial/:propertyId,No Details found,404,Fri Aug 18 2023 20:07:04 GMT+0530 (India Standard Time),Fri Aug 18 2023 20:07:04 GMT+0530 (India Standard Time)
18-08-2023 20:07:39 error: getCommercialPropertyBy0,v1/properties/commercial/:propertyId,No Details found,404,Fri Aug 18 2023 20:07:39 GMT+0530 (India Standard Time),Fri Aug 18 2023 20:07:39 GMT+0530 (India Standard Time)
18-08-2023 21:25:31 error: uploadGallery,v1/delete/gallery/:galleryItemId,propertyId is required,400,Fri Aug 18 2023 21:25:31 GMT+0530 (India Standard Time),Fri Aug 18 2023 21:25:31 GMT+0530 (India Standard Time)
18-08-2023 21:30:37 error: uploadGallery,v1/delete/gallery/:galleryItemId,propertyId is required,400,Fri Aug 18 2023 21:30:37 GMT+0530 (India Standard Time),Fri Aug 18 2023 21:30:37 GMT+0530 (India Standard Time)
18-08-2023 21:30:38 error: uploadGallery,v1/delete/gallery/:galleryItemId,propertyId is required,400,Fri Aug 18 2023 21:30:38 GMT+0530 (India Standard Time),Fri Aug 18 2023 21:30:38 GMT+0530 (India Standard Time)
18-08-2023 21:30:39 error: uploadGallery,v1/delete/gallery/:galleryItemId,propertyId is required,400,Fri Aug 18 2023 21:30:39 GMT+0530 (India Standard Time),Fri Aug 18 2023 21:30:39 GMT+0530 (India Standard Time)
18-08-2023 21:31:29 error: uploadGallery,v1/delete/gallery/:galleryItemId,galleryItemId is required,400,Fri Aug 18 2023 21:31:29 GMT+0530 (India Standard Time),Fri Aug 18 2023 21:31:29 GMT+0530 (India Standard Time)
18-08-2023 21:32:44 error: uploadGallery,v1/delete/gallery/:galleryItemId,galleryItemId is required,400,Fri Aug 18 2023 21:32:44 GMT+0530 (India Standard Time),Fri Aug 18 2023 21:32:44 GMT+0530 (India Standard Time)
18-08-2023 21:33:37 error: uploadGallery,v1/delete/gallery/:galleryItemId,galleryItemId is required,400,Fri Aug 18 2023 21:33:37 GMT+0530 (India Standard Time),Fri Aug 18 2023 21:33:37 GMT+0530 (India Standard Time)
18-08-2023 21:36:03 error: uploadGallery,v1/delete/gallery/:galleryItemId,galleryItemId is required,400,Fri Aug 18 2023 21:36:03 GMT+0530 (India Standard Time),Fri Aug 18 2023 21:36:03 GMT+0530 (India Standard Time)
18-08-2023 21:36:32 error: uploadGallery,v1/delete/gallery/:galleryItemId,galleryItemId is required,400,Fri Aug 18 2023 21:36:32 GMT+0530 (India Standard Time),Fri Aug 18 2023 21:36:32 GMT+0530 (India Standard Time)
18-08-2023 21:56:08 error: registration,v1/registration,,404,Fri Aug 18 2023 21:56:08 GMT+0530 (India Standard Time),Fri Aug 18 2023 21:56:08 GMT+0530 (India Standard Time)
18-08-2023 22:01:11 error: registration,v1/registration,,404,Fri Aug 18 2023 22:01:11 GMT+0530 (India Standard Time),Fri Aug 18 2023 22:01:11 GMT+0530 (India Standard Time)
18-08-2023 22:01:44 error: registration,v1/registration,,404,Fri Aug 18 2023 22:01:44 GMT+0530 (India Standard Time),Fri Aug 18 2023 22:01:44 GMT+0530 (India Standard Time)
18-08-2023 22:02:10 error: registration,v1/registration,,404,Fri Aug 18 2023 22:02:10 GMT+0530 (India Standard Time),Fri Aug 18 2023 22:02:10 GMT+0530 (India Standard Time)
18-08-2023 22:03:23 error: registration,v1/registration,,404,Fri Aug 18 2023 22:03:23 GMT+0530 (India Standard Time),Fri Aug 18 2023 22:03:23 GMT+0530 (India Standard Time)
18-08-2023 22:10:17 error: registration,v1/registration,,404,Fri Aug 18 2023 22:10:17 GMT+0530 (India Standard Time),Fri Aug 18 2023 22:10:17 GMT+0530 (India Standard Time)
18-08-2023 22:10:59 error: registration,v1/registration,,404,Fri Aug 18 2023 22:10:59 GMT+0530 (India Standard Time),Fri Aug 18 2023 22:10:59 GMT+0530 (India Standard Time)
18-08-2023 22:31:13 error: registration,v1/registration,,404,Fri Aug 18 2023 22:31:13 GMT+0530 (India Standard Time),Fri Aug 18 2023 22:31:13 GMT+0530 (India Standard Time)
18-08-2023 22:32:45 error: registration,v1/registration,,404,Fri Aug 18 2023 22:32:45 GMT+0530 (India Standard Time),Fri Aug 18 2023 22:32:45 GMT+0530 (India Standard Time)
18-08-2023 22:33:35 error: registration,v1/registration,Email Id Already Exists,404,Fri Aug 18 2023 22:33:35 GMT+0530 (India Standard Time),Fri Aug 18 2023 22:33:35 GMT+0530 (India Standard Time)
18-08-2023 22:37:48 error: registration,v1/registration,name is required,400,Fri Aug 18 2023 22:37:48 GMT+0530 (India Standard Time),Fri Aug 18 2023 22:37:48 GMT+0530 (India Standard Time)
18-08-2023 22:40:28 error: registration,v1/registration,Email Id Already Exists,404,Fri Aug 18 2023 22:40:28 GMT+0530 (India Standard Time),Fri Aug 18 2023 22:40:28 GMT+0530 (India Standard Time)
18-08-2023 23:31:27 error: uploadGallery,v1/uploadGallery,galleryItemId is required,400,Fri Aug 18 2023 23:31:27 GMT+0530 (India Standard Time),Fri Aug 18 2023 23:31:27 GMT+0530 (India Standard Time)
18-08-2023 23:31:33 error: uploadGallery,v1/uploadGallery,galleryItemId is required,400,Fri Aug 18 2023 23:31:33 GMT+0530 (India Standard Time),Fri Aug 18 2023 23:31:33 GMT+0530 (India Standard Time)
