19-08-2023 00:22:31 error: uploadGallery,v1/update/gallery,galleryItemId is required,400,Sat Aug 19 2023 00:22:31 GMT+0530 (India Standard Time),Sat Aug 19 2023 00:22:31 GMT+0530 (India Standard Time)
19-08-2023 00:24:07 error: uploadGallery,v1/update/gallery,galleryItemId is required,400,Sat Aug 19 2023 00:24:07 GMT+0530 (India Standard Time),Sat Aug 19 2023 00:24:07 GMT+0530 (India Standard Time)
19-08-2023 00:31:03 error: uploadGallery,v1/update/gallery,galleryItemId is required,400,Sat Aug 19 2023 00:31:03 GMT+0530 (India Standard Time),Sat Aug 19 2023 00:31:03 GMT+0530 (India Standard Time)
19-08-2023 00:32:21 error: uploadGallery,v1/update/gallery,galleryItemId is required,400,Sat Aug 19 2023 00:32:21 GMT+0530 (India Standard Time),Sat Aug 19 2023 00:32:21 GMT+0530 (India Standard Time)
19-08-2023 00:32:45 error: uploadGallery,v1/update/gallery,galleryItemId is required,400,Sat Aug 19 2023 00:32:45 GMT+0530 (India Standard Time),Sat Aug 19 2023 00:32:45 GMT+0530 (India Standard Time)
19-08-2023 10:17:32 error: uploadGallery,v1/update/gallery,galleryItemId is required,400,Sat Aug 19 2023 10:17:32 GMT+0530 (India Standard Time),Sat Aug 19 2023 10:17:32 GMT+0530 (India Standard Time)
19-08-2023 10:19:11 error: uploadGallery,v1/update/gallery,galleryItemId is required,400,Sat Aug 19 2023 10:19:11 GMT+0530 (India Standard Time),Sat Aug 19 2023 10:19:11 GMT+0530 (India Standard Time)
19-08-2023 10:21:06 error: uploadGallery,v1/update/gallery,galleryItemId is required,400,Sat Aug 19 2023 10:21:06 GMT+0530 (India Standard Time),Sat Aug 19 2023 10:21:06 GMT+0530 (India Standard Time)
19-08-2023 10:21:58 error: uploadGallery,v1/update/gallery,galleryItemId is required,400,Sat Aug 19 2023 10:21:58 GMT+0530 (India Standard Time),Sat Aug 19 2023 10:21:58 GMT+0530 (India Standard Time)
19-08-2023 10:22:48 error: uploadGallery,v1/update/gallery,galleryItemId is required,400,Sat Aug 19 2023 10:22:48 GMT+0530 (India Standard Time),Sat Aug 19 2023 10:22:48 GMT+0530 (India Standard Time)
19-08-2023 10:26:49 error: uploadGallery,v1/update/gallery,galleryItemId is required,400,Sat Aug 19 2023 10:26:49 GMT+0530 (India Standard Time),Sat Aug 19 2023 10:26:49 GMT+0530 (India Standard Time)
19-08-2023 11:27:04 error: uploadGallery,v1/update/gallery,galleryItemId is required,400,Sat Aug 19 2023 11:27:04 GMT+0530 (India Standard Time),Sat Aug 19 2023 11:27:04 GMT+0530 (India Standard Time)
19-08-2023 11:41:27 error: uploadGallery,v1/update/gallery,Invalid Image Id,404,Sat Aug 19 2023 11:41:27 GMT+0530 (India Standard Time),Sat Aug 19 2023 11:41:27 GMT+0530 (India Standard Time)
19-08-2023 11:41:35 error: uploadGallery,v1/update/gallery,Invalid Image Id,404,Sat Aug 19 2023 11:41:35 GMT+0530 (India Standard Time),Sat Aug 19 2023 11:41:35 GMT+0530 (India Standard Time)
19-08-2023 11:41:39 error: uploadGallery,v1/update/gallery,Invalid Image Id,404,Sat Aug 19 2023 11:41:39 GMT+0530 (India Standard Time),Sat Aug 19 2023 11:41:39 GMT+0530 (India Standard Time)
19-08-2023 11:41:41 error: uploadGallery,v1/update/gallery,Invalid Image Id,404,Sat Aug 19 2023 11:41:41 GMT+0530 (India Standard Time),Sat Aug 19 2023 11:41:41 GMT+0530 (India Standard Time)
19-08-2023 11:41:42 error: uploadGallery,v1/update/gallery,Invalid Image Id,404,Sat Aug 19 2023 11:41:42 GMT+0530 (India Standard Time),Sat Aug 19 2023 11:41:42 GMT+0530 (India Standard Time)
19-08-2023 12:03:29 error: uploadGallery,v1/update/gallery,Invalid Image Id,404,Sat Aug 19 2023 12:03:29 GMT+0530 (India Standard Time),Sat Aug 19 2023 12:03:29 GMT+0530 (India Standard Time)
19-08-2023 12:09:26 error: updateGalleryItem,v1/update/gallery,upFile is required,400,Sat Aug 19 2023 12:09:26 GMT+0530 (India Standard Time),Sat Aug 19 2023 12:09:26 GMT+0530 (India Standard Time)
19-08-2023 12:18:43 error: updateGalleryItem,v1/update/gallery,upFile is required,400,Sat Aug 19 2023 12:18:43 GMT+0530 (India Standard Time),Sat Aug 19 2023 12:18:43 GMT+0530 (India Standard Time)
19-08-2023 12:19:55 error: updateGalleryItem,v1/update/gallery,upFile is required,400,Sat Aug 19 2023 12:19:55 GMT+0530 (India Standard Time),Sat Aug 19 2023 12:19:55 GMT+0530 (India Standard Time)
19-08-2023 12:24:36 error: updateGalleryItem,v1/update/gallery,upFile is required,400,Sat Aug 19 2023 12:24:36 GMT+0530 (India Standard Time),Sat Aug 19 2023 12:24:36 GMT+0530 (India Standard Time)
19-08-2023 15:54:38 error: updateGalleryItem,v1/update/gallery,upFile is required,400,Sat Aug 19 2023 15:54:38 GMT+0530 (India Standard Time),Sat Aug 19 2023 15:54:38 GMT+0530 (India Standard Time)
19-08-2023 16:06:49 error: contact,v1/contact,Name cannot be empty,400,Sat Aug 19 2023 16:06:49 GMT+0530 (India Standard Time),Sat Aug 19 2023 16:06:49 GMT+0530 (India Standard Time)
19-08-2023 16:07:05 error: contact,v1/contact,email is not allowed to be empty,400,Sat Aug 19 2023 16:07:05 GMT+0530 (India Standard Time),Sat Aug 19 2023 16:07:05 GMT+0530 (India Standard Time)
19-08-2023 16:07:15 error: contact,v1/contact,subject is not allowed to be empty,400,Sat Aug 19 2023 16:07:15 GMT+0530 (India Standard Time),Sat Aug 19 2023 16:07:15 GMT+0530 (India Standard Time)
19-08-2023 16:07:39 error: contact,v1/contact,subject is not allowed to be empty,400,Sat Aug 19 2023 16:07:39 GMT+0530 (India Standard Time),Sat Aug 19 2023 16:07:39 GMT+0530 (India Standard Time)
19-08-2023 16:08:50 error: contact,v1/contact,subject is not allowed to be empty,400,Sat Aug 19 2023 16:08:50 GMT+0530 (India Standard Time),Sat Aug 19 2023 16:08:50 GMT+0530 (India Standard Time)
19-08-2023 16:09:26 error: contact,v1/contact,subject is not allowed to be empty,400,Sat Aug 19 2023 16:09:26 GMT+0530 (India Standard Time),Sat Aug 19 2023 16:09:26 GMT+0530 (India Standard Time)
19-08-2023 16:09:43 error: contact,v1/contact,message is not allowed to be empty,400,Sat Aug 19 2023 16:09:43 GMT+0530 (India Standard Time),Sat Aug 19 2023 16:09:43 GMT+0530 (India Standard Time)
19-08-2023 16:10:21 error: contact,v1/contact,subject is not allowed to be empty,400,Sat Aug 19 2023 16:10:21 GMT+0530 (India Standard Time),Sat Aug 19 2023 16:10:21 GMT+0530 (India Standard Time)
19-08-2023 16:10:37 error: contact,v1/contact,message is not allowed to be empty,400,Sat Aug 19 2023 16:10:37 GMT+0530 (India Standard Time),Sat Aug 19 2023 16:10:37 GMT+0530 (India Standard Time)
19-08-2023 16:10:45 error: contact,v1/contact,message is not allowed to be empty,400,Sat Aug 19 2023 16:10:45 GMT+0530 (India Standard Time),Sat Aug 19 2023 16:10:45 GMT+0530 (India Standard Time)
19-08-2023 16:33:57 error: getAllGalleryItems,v1/getgalleryList,GalleryService.getAllGalleryListService is not a function,400,Sat Aug 19 2023 16:33:57 GMT+0530 (India Standard Time),Sat Aug 19 2023 16:33:57 GMT+0530 (India Standard Time)
19-08-2023 16:35:11 error: getAllGalleryItems,v1/getgalleryList,Invalid Image Id,404,Sat Aug 19 2023 16:35:11 GMT+0530 (India Standard Time),Sat Aug 19 2023 16:35:11 GMT+0530 (India Standard Time)
19-08-2023 16:57:36 error: getAllGalleryItems,v1/getgalleryList,Invalid Image Id,404,Sat Aug 19 2023 16:57:36 GMT+0530 (India Standard Time),Sat Aug 19 2023 16:57:36 GMT+0530 (India Standard Time)
19-08-2023 16:57:45 error: getAllGalleryItems,v1/getgalleryList,Invalid Image Id,404,Sat Aug 19 2023 16:57:45 GMT+0530 (India Standard Time),Sat Aug 19 2023 16:57:45 GMT+0530 (India Standard Time)
19-08-2023 16:59:37 error: getAllGalleryItems,v1/getgalleryList,Invalid Image Id,404,Sat Aug 19 2023 16:59:37 GMT+0530 (India Standard Time),Sat Aug 19 2023 16:59:37 GMT+0530 (India Standard Time)
19-08-2023 17:00:02 error: getAllGalleryItems,v1/getgalleryList,Invalid Image Id,404,Sat Aug 19 2023 17:00:02 GMT+0530 (India Standard Time),Sat Aug 19 2023 17:00:02 GMT+0530 (India Standard Time)
19-08-2023 17:03:27 error: getAllGalleryItems,v1/getgalleryList,Gallery is Empty,200,Sat Aug 19 2023 17:03:27 GMT+0530 (India Standard Time),Sat Aug 19 2023 17:03:27 GMT+0530 (India Standard Time)
