21-08-2023 12:00:14 error: login,v1/admin/login,Email Does Not Exist ,404,Mon Aug 21 2023 12:00:14 GMT+0530 (India Standard Time),Mon Aug 21 2023 12:00:14 GMT+0530 (India Standard Time)
21-08-2023 12:26:30 error: createuser,v1/admin/createUser,TypeError: LoginService.createUser is not a function,400,Mon Aug 21 2023 12:26:30 GMT+0530 (India Standard Time),Mon Aug 21 2023 12:26:30 GMT+0530 (India Standard Time)
21-08-2023 12:34:34 error: createuser,v1/admin/createUser,User Created  Successfully,200,Mon Aug 21 2023 12:34:34 GMT+0530 (India Standard Time),Mon Aug 21 2023 12:34:34 GMT+0530 (India Standard Time)
21-08-2023 12:35:51 error: login,v1/admin/login,emailId is required,400,Mon Aug 21 2023 12:35:51 GMT+0530 (India Standard Time),Mon Aug 21 2023 12:35:51 GMT+0530 (India Standard Time)
21-08-2023 12:36:05 error: login,v1/admin/login,Email Does Not Exist ,404,Mon Aug 21 2023 12:36:05 GMT+0530 (India Standard Time),Mon Aug 21 2023 12:36:05 GMT+0530 (India Standard Time)
21-08-2023 12:41:56 error: login,v1/admin/login,Invalid user credentials,404,Mon Aug 21 2023 12:41:56 GMT+0530 (India Standard Time),Mon Aug 21 2023 12:41:56 GMT+0530 (India Standard Time)
21-08-2023 12:42:10 error: login,v1/admin/login,Email Does Not Exist ,404,Mon Aug 21 2023 12:42:10 GMT+0530 (India Standard Time),Mon Aug 21 2023 12:42:10 GMT+0530 (India Standard Time)
21-08-2023 12:42:23 error: login,v1/admin/login,Successfully Logged-In,200,Mon Aug 21 2023 12:42:23 GMT+0530 (India Standard Time),Mon Aug 21 2023 12:42:23 GMT+0530 (India Standard Time)
21-08-2023 12:48:23 error: login,v1/admin/login,Successfully Logged-In,200,Mon Aug 21 2023 12:48:23 GMT+0530 (India Standard Time),Mon Aug 21 2023 12:48:23 GMT+0530 (India Standard Time)
21-08-2023 12:50:52 error: login,v1/admin/login,emailId is required,400,Mon Aug 21 2023 12:50:52 GMT+0530 (India Standard Time),Mon Aug 21 2023 12:50:52 GMT+0530 (India Standard Time)
21-08-2023 12:51:01 error: login,v1/admin/login,emailId is required,400,Mon Aug 21 2023 12:51:01 GMT+0530 (India Standard Time),Mon Aug 21 2023 12:51:01 GMT+0530 (India Standard Time)
21-08-2023 12:51:56 error: login,v1/admin/login,emailId is required,400,Mon Aug 21 2023 12:51:56 GMT+0530 (India Standard Time),Mon Aug 21 2023 12:51:56 GMT+0530 (India Standard Time)
21-08-2023 12:52:40 error: login,v1/admin/login,Successfully Logged-In,200,Mon Aug 21 2023 12:52:40 GMT+0530 (India Standard Time),Mon Aug 21 2023 12:52:40 GMT+0530 (India Standard Time)
21-08-2023 16:00:10 error: createProperty,v1/project/addProject,propertyName is required,400,Mon Aug 21 2023 16:00:10 GMT+0530 (India Standard Time),Mon Aug 21 2023 16:00:10 GMT+0530 (India Standard Time)
21-08-2023 16:11:47 error: createProperty,v1/project/addProject,propertyName is required,400,Mon Aug 21 2023 16:11:47 GMT+0530 (India Standard Time),Mon Aug 21 2023 16:11:47 GMT+0530 (India Standard Time)
21-08-2023 16:12:40 error: createProperty,v1/project/addProject,Project Name is required,400,Mon Aug 21 2023 16:12:40 GMT+0530 (India Standard Time),Mon Aug 21 2023 16:12:40 GMT+0530 (India Standard Time)
21-08-2023 16:13:47 error: createProperty,v1/project/addProject,Project Name is required,400,Mon Aug 21 2023 16:13:47 GMT+0530 (India Standard Time),Mon Aug 21 2023 16:13:47 GMT+0530 (India Standard Time)
21-08-2023 16:26:09 error: createProperty,v1/project/addProject,Project Name is required,400,Mon Aug 21 2023 16:26:09 GMT+0530 (India Standard Time),Mon Aug 21 2023 16:26:09 GMT+0530 (India Standard Time)
21-08-2023 16:26:41 error: createProperty,v1/project/addProject,Project Name is required,400,Mon Aug 21 2023 16:26:41 GMT+0530 (India Standard Time),Mon Aug 21 2023 16:26:41 GMT+0530 (India Standard Time)
21-08-2023 16:27:29 error: createProperty,v1/project/addProject,Project Name is required,400,Mon Aug 21 2023 16:27:29 GMT+0530 (India Standard Time),Mon Aug 21 2023 16:27:29 GMT+0530 (India Standard Time)
21-08-2023 16:28:14 error: createProperty,v1/project/addProject,Project Name is required,400,Mon Aug 21 2023 16:28:14 GMT+0530 (India Standard Time),Mon Aug 21 2023 16:28:14 GMT+0530 (India Standard Time)
21-08-2023 16:33:32 error: createProperty,v1/project/addProject,Project Name is required,400,Mon Aug 21 2023 16:33:32 GMT+0530 (India Standard Time),Mon Aug 21 2023 16:33:32 GMT+0530 (India Standard Time)
21-08-2023 16:35:19 error: createProperty,v1/project/addProject,Project Name is required,400,Mon Aug 21 2023 16:35:19 GMT+0530 (India Standard Time),Mon Aug 21 2023 16:35:19 GMT+0530 (India Standard Time)
21-08-2023 16:36:16 error: createProperty,v1/project/addProject,Project Name is required,400,Mon Aug 21 2023 16:36:16 GMT+0530 (India Standard Time),Mon Aug 21 2023 16:36:16 GMT+0530 (India Standard Time)
21-08-2023 17:07:04 error: updateGalleryItem,v1/update/gallery,upFile is required,400,Mon Aug 21 2023 17:07:04 GMT+0530 (India Standard Time),Mon Aug 21 2023 17:07:04 GMT+0530 (India Standard Time)
21-08-2023 17:08:13 error: updateGalleryItem,v1/update/gallery,upFile is required,400,Mon Aug 21 2023 17:08:13 GMT+0530 (India Standard Time),Mon Aug 21 2023 17:08:13 GMT+0530 (India Standard Time)
21-08-2023 17:47:31 error: updateGalleryItem,v1/update/gallery,galleryItemId is required,400,Mon Aug 21 2023 17:47:31 GMT+0530 (India Standard Time),Mon Aug 21 2023 17:47:31 GMT+0530 (India Standard Time)
21-08-2023 17:49:53 error: updateGalleryItem,v1/update/gallery,galleryItemId is required,400,Mon Aug 21 2023 17:49:53 GMT+0530 (India Standard Time),Mon Aug 21 2023 17:49:53 GMT+0530 (India Standard Time)
21-08-2023 17:50:36 error: updateGalleryItem,v1/update/gallery,galleryItemId is required,400,Mon Aug 21 2023 17:50:36 GMT+0530 (India Standard Time),Mon Aug 21 2023 17:50:36 GMT+0530 (India Standard Time)
21-08-2023 19:15:55 error: createProperty,v1/project/addProject,Project Name is required,400,Mon Aug 21 2023 19:15:55 GMT+0530 (India Standard Time),Mon Aug 21 2023 19:15:55 GMT+0530 (India Standard Time)
21-08-2023 19:16:34 error: createProperty,v1/project/addProject,Project Name is required,400,Mon Aug 21 2023 19:16:34 GMT+0530 (India Standard Time),Mon Aug 21 2023 19:16:34 GMT+0530 (India Standard Time)
21-08-2023 19:18:04 error: createProperty,v1/project/addProject,Project Name is required,400,Mon Aug 21 2023 19:18:04 GMT+0530 (India Standard Time),Mon Aug 21 2023 19:18:04 GMT+0530 (India Standard Time)
21-08-2023 19:31:40 error: createProperty,v1/project/addProject,Project Name is required,400,Mon Aug 21 2023 19:31:40 GMT+0530 (India Standard Time),Mon Aug 21 2023 19:31:40 GMT+0530 (India Standard Time)
21-08-2023 19:44:34 error: createProperty,v1/project/addProject,coverImage is required,400,Mon Aug 21 2023 19:44:34 GMT+0530 (India Standard Time),Mon Aug 21 2023 19:44:34 GMT+0530 (India Standard Time)
21-08-2023 20:42:30 error: createProperty,v1/project/addProject,Project Name is required,400,Mon Aug 21 2023 20:42:30 GMT+0530 (India Standard Time),Mon Aug 21 2023 20:42:30 GMT+0530 (India Standard Time)
21-08-2023 21:24:18 error: createProperty,v1/project/addProject,Project Name is required,400,Mon Aug 21 2023 21:24:18 GMT+0530 (India Standard Time),Mon Aug 21 2023 21:24:18 GMT+0530 (India Standard Time)
21-08-2023 21:25:26 error: createProperty,v1/project/addProject,Project Name is required,400,Mon Aug 21 2023 21:25:26 GMT+0530 (India Standard Time),Mon Aug 21 2023 21:25:26 GMT+0530 (India Standard Time)
21-08-2023 21:32:19 error: createProperty,v1/project/addProject,Project Name is required,400,Mon Aug 21 2023 21:32:19 GMT+0530 (India Standard Time),Mon Aug 21 2023 21:32:19 GMT+0530 (India Standard Time)
21-08-2023 21:34:01 error: createProperty,v1/project/addProject,coverImage is required,400,Mon Aug 21 2023 21:34:01 GMT+0530 (India Standard Time),Mon Aug 21 2023 21:34:01 GMT+0530 (India Standard Time)
21-08-2023 21:35:28 error: createProperty,v1/project/addProject,ProjectImage is required,400,Mon Aug 21 2023 21:35:28 GMT+0530 (India Standard Time),Mon Aug 21 2023 21:35:28 GMT+0530 (India Standard Time)
21-08-2023 21:37:00 error: createProperty,v1/project/addProject,pinCode must be less than or equal to 7,400,Mon Aug 21 2023 21:37:00 GMT+0530 (India Standard Time),Mon Aug 21 2023 21:37:00 GMT+0530 (India Standard Time)
21-08-2023 21:38:13 error: createProperty,v1/project/addProject,pinCode must be less than or equal to 6,400,Mon Aug 21 2023 21:38:13 GMT+0530 (India Standard Time),Mon Aug 21 2023 21:38:13 GMT+0530 (India Standard Time)
21-08-2023 21:40:01 error: createProperty,v1/project/addProject,status is not allowed,400,Mon Aug 21 2023 21:40:01 GMT+0530 (India Standard Time),Mon Aug 21 2023 21:40:01 GMT+0530 (India Standard Time)
21-08-2023 21:42:05 error: createProperty,v1/project/addProject,projectStart is not allowed,400,Mon Aug 21 2023 21:42:05 GMT+0530 (India Standard Time),Mon Aug 21 2023 21:42:05 GMT+0530 (India Standard Time)
21-08-2023 21:47:54 error: createProperty,v1/project/addProject,area is not allowed,400,Mon Aug 21 2023 21:47:54 GMT+0530 (India Standard Time),Mon Aug 21 2023 21:47:54 GMT+0530 (India Standard Time)
21-08-2023 21:50:20 error: createProperty,v1/project/addProject,Project Name is required,400,Mon Aug 21 2023 21:50:20 GMT+0530 (India Standard Time),Mon Aug 21 2023 21:50:20 GMT+0530 (India Standard Time)
21-08-2023 21:54:38 error: createProperty,v1/project/addProject,Project Name is required,400,Mon Aug 21 2023 21:54:38 GMT+0530 (India Standard Time),Mon Aug 21 2023 21:54:38 GMT+0530 (India Standard Time)
21-08-2023 22:49:55 error: getAllProject,v1/project/getAllProject,TypeError: PropertyService.get is not a function,400,Mon Aug 21 2023 22:49:55 GMT+0530 (India Standard Time),Mon Aug 21 2023 22:49:55 GMT+0530 (India Standard Time)
21-08-2023 22:49:56 error: getAllProject,v1/project/getAllProject,TypeError: PropertyService.get is not a function,400,Mon Aug 21 2023 22:49:56 GMT+0530 (India Standard Time),Mon Aug 21 2023 22:49:56 GMT+0530 (India Standard Time)
