22-08-2023 10:38:30 error: getProjectDetailsById/undefined,v1/project/getProjectById,No Details found,404,Tue Aug 22 2023 10:38:30 GMT+0530 (India Standard Time),Tue Aug 22 2023 10:38:30 GMT+0530 (India Standard Time)
22-08-2023 10:41:59 error: getProjectDetailsById/getAllProject,v1/project/getProjectById/:projectId,No Details found,404,Tue Aug 22 2023 10:41:59 GMT+0530 (India Standard Time),Tue Aug 22 2023 10:41:59 GMT+0530 (India Standard Time)
22-08-2023 10:56:09 error: getProjectDetailsById/projectId=8357e5d6-12a5-4c30-941c-547dd1badff7,v1/project/getProjectById/:projectId,No Details found,404,Tue Aug 22 2023 10:56:09 GMT+0530 (India Standard Time),Tue Aug 22 2023 10:56:09 GMT+0530 (India Standard Time)
22-08-2023 11:13:37 error: getProjectDetailsById/undefined,v1/project/getProjectById/:projectId,No Details found,404,Tue Aug 22 2023 11:13:37 GMT+0530 (India Standard Time),Tue Aug 22 2023 11:13:37 GMT+0530 (India Standard Time)
22-08-2023 11:13:45 error: getProjectDetailsById/null,v1/project/getProjectById/:projectId,No Details found,404,Tue Aug 22 2023 11:13:45 GMT+0530 (India Standard Time),Tue Aug 22 2023 11:13:45 GMT+0530 (India Standard Time)
22-08-2023 11:13:45 error: getProjectDetailsById/null,v1/project/getProjectById/:projectId,No Details found,404,Tue Aug 22 2023 11:13:45 GMT+0530 (India Standard Time),Tue Aug 22 2023 11:13:45 GMT+0530 (India Standard Time)
22-08-2023 11:46:47 error: login,v1/admin/login,Successfully Logged-In,200,Tue Aug 22 2023 11:46:47 GMT+0530 (India Standard Time),Tue Aug 22 2023 11:46:47 GMT+0530 (India Standard Time)
22-08-2023 12:04:15 error: registration,v1/registration/addRegistration,projectName with value real state fails to match the required pattern Azaz,400,Tue Aug 22 2023 12:04:15 GMT+0530 (India Standard Time),Tue Aug 22 2023 12:04:15 GMT+0530 (India Standard Time)
22-08-2023 12:06:47 error: registration,v1/registration/addRegistration,projectName with value real state fails to match the required pattern azAZ09,400,Tue Aug 22 2023 12:06:47 GMT+0530 (India Standard Time),Tue Aug 22 2023 12:06:47 GMT+0530 (India Standard Time)
22-08-2023 12:07:24 error: registration,v1/registration/addRegistration,phoneNumber with value 1234567890 fails to match the required pattern 109s6 15091,400,Tue Aug 22 2023 12:07:24 GMT+0530 (India Standard Time),Tue Aug 22 2023 12:07:24 GMT+0530 (India Standard Time)
22-08-2023 12:07:37 error: registration,v1/registration/addRegistration,phoneNumber with value 911234567890 fails to match the required pattern 109s6 15091,400,Tue Aug 22 2023 12:07:37 GMT+0530 (India Standard Time),Tue Aug 22 2023 12:07:37 GMT+0530 (India Standard Time)
22-08-2023 12:08:51 error: registration,v1/registration/addRegistration,phoneNumber with value 911234567890 fails to match the required pattern 0910,400,Tue Aug 22 2023 12:08:51 GMT+0530 (India Standard Time),Tue Aug 22 2023 12:08:51 GMT+0530 (India Standard Time)
22-08-2023 12:10:32 error: registration,v1/registration/addRegistration,Email Id Already Exists,404,Tue Aug 22 2023 12:10:32 GMT+0530 (India Standard Time),Tue Aug 22 2023 12:10:32 GMT+0530 (India Standard Time)
22-08-2023 12:20:32 error: getAllEnquiryList,v1/registration/getEnquiryList,ReferenceError: ContactService is not defined,400,Tue Aug 22 2023 12:20:32 GMT+0530 (India Standard Time),Tue Aug 22 2023 12:20:32 GMT+0530 (India Standard Time)
22-08-2023 12:22:30 error: getAllEnquiryList,v1/registration/getEnquiryList,TypeError: Registration.getAllEnquiryList is not a function,400,Tue Aug 22 2023 12:22:30 GMT+0530 (India Standard Time),Tue Aug 22 2023 12:22:30 GMT+0530 (India Standard Time)
22-08-2023 12:25:03 error: getAllEnquiryList,v1/registration/getEnquiryList,TypeError: Registration.getAllEnquiryList is not a function,400,Tue Aug 22 2023 12:25:03 GMT+0530 (India Standard Time),Tue Aug 22 2023 12:25:03 GMT+0530 (India Standard Time)
22-08-2023 14:24:49 error: createProperty,v1/project/addProject,projectStart is required,400,Tue Aug 22 2023 14:24:49 GMT+0530 (India Standard Time),Tue Aug 22 2023 14:24:49 GMT+0530 (India Standard Time)
22-08-2023 16:01:30 error: uploadGallery,v1/gallery/uploadGallery,propertyId is required,400,Tue Aug 22 2023 16:01:30 GMT+0530 (India Standard Time),Tue Aug 22 2023 16:01:30 GMT+0530 (India Standard Time)
22-08-2023 16:02:36 error: uploadGallery,v1/gallery/uploadGallery,propertyId is required,400,Tue Aug 22 2023 16:02:36 GMT+0530 (India Standard Time),Tue Aug 22 2023 16:02:36 GMT+0530 (India Standard Time)
22-08-2023 16:44:51 error: uploadGallery,v1/gallery/uploadGallery,projectId must be a number,400,Tue Aug 22 2023 16:44:51 GMT+0530 (India Standard Time),Tue Aug 22 2023 16:44:51 GMT+0530 (India Standard Time)
22-08-2023 17:03:57 error: uploadGallery,v1/gallery/uploadGallery,Image File Required,400,Tue Aug 22 2023 17:03:57 GMT+0530 (India Standard Time),Tue Aug 22 2023 17:03:57 GMT+0530 (India Standard Time)
22-08-2023 19:31:16 error: uploadGallery,v1/gallery/uploadGallery,Image File Required,400,Tue Aug 22 2023 19:31:16 GMT+0530 (India Standard Time),Tue Aug 22 2023 19:31:16 GMT+0530 (India Standard Time)
22-08-2023 19:32:59 error: uploadGallery,v1/gallery/uploadGallery,Image File Required,400,Tue Aug 22 2023 19:32:59 GMT+0530 (India Standard Time),Tue Aug 22 2023 19:32:59 GMT+0530 (India Standard Time)
22-08-2023 20:42:44 error: uploadGallery,v1/gallery/uploadGallery,Image File Required,400,Tue Aug 22 2023 20:42:44 GMT+0530 (India Standard Time),Tue Aug 22 2023 20:42:44 GMT+0530 (India Standard Time)
22-08-2023 21:44:23 error: uploadGallery,v1/gallery/uploadGallery,Image File Required,400,Tue Aug 22 2023 21:44:23 GMT+0530 (India Standard Time),Tue Aug 22 2023 21:44:23 GMT+0530 (India Standard Time)
22-08-2023 21:47:15 error: uploadGallery,v1/gallery/uploadGallery,Image File Required,400,Tue Aug 22 2023 21:47:15 GMT+0530 (India Standard Time),Tue Aug 22 2023 21:47:15 GMT+0530 (India Standard Time)
22-08-2023 21:47:21 error: uploadGallery,v1/gallery/uploadGallery,projectId is required,400,Tue Aug 22 2023 21:47:21 GMT+0530 (India Standard Time),Tue Aug 22 2023 21:47:21 GMT+0530 (India Standard Time)
22-08-2023 22:01:34 error: uploadGallery,v1/gallery/uploadGallery,projectId is required,400,Tue Aug 22 2023 22:01:34 GMT+0530 (India Standard Time),Tue Aug 22 2023 22:01:34 GMT+0530 (India Standard Time)
22-08-2023 22:59:07 error: getAllGalleryItemsByProjectId,v1/gallery/getGalleryList/:projectId,Gallery is Empty,200,Tue Aug 22 2023 22:59:07 GMT+0530 (India Standard Time),Tue Aug 22 2023 22:59:07 GMT+0530 (India Standard Time)
22-08-2023 23:00:33 error: getAllGalleryItemsByProjectId,v1/gallery/getGalleryList/:projectId,Gallery is Empty,200,Tue Aug 22 2023 23:00:33 GMT+0530 (India Standard Time),Tue Aug 22 2023 23:00:33 GMT+0530 (India Standard Time)
22-08-2023 23:01:04 error: getAllGalleryItemsByProjectId,v1/gallery/getGalleryList/:projectId,Gallery is Empty,200,Tue Aug 22 2023 23:01:04 GMT+0530 (India Standard Time),Tue Aug 22 2023 23:01:04 GMT+0530 (India Standard Time)
22-08-2023 23:14:43 error: getAllGalleryItemsByProjectId,v1/gallery/getGalleryList/:projectId,Gallery is Empty,200,Tue Aug 22 2023 23:14:43 GMT+0530 (India Standard Time),Tue Aug 22 2023 23:14:43 GMT+0530 (India Standard Time)
22-08-2023 23:15:36 error: getAllGalleryItemsByProjectId,v1/gallery/getGalleryList/:projectId,Gallery is Empty,200,Tue Aug 22 2023 23:15:36 GMT+0530 (India Standard Time),Tue Aug 22 2023 23:15:36 GMT+0530 (India Standard Time)
22-08-2023 23:36:58 error: getProjectDetailsById/8357e5d6-12a5-4c30-941c-547dd1badff7,v1/project/getProjectById/:projectId,No Details found,404,Tue Aug 22 2023 23:36:58 GMT+0530 (India Standard Time),Tue Aug 22 2023 23:36:58 GMT+0530 (India Standard Time)
22-08-2023 23:46:16 error: getProjectDetailsById/8357e5d612a54c30941c547dd1badff7,v1/project/getProjectById/:projectId,No Details found,404,Tue Aug 22 2023 23:46:16 GMT+0530 (India Standard Time),Tue Aug 22 2023 23:46:16 GMT+0530 (India Standard Time)
22-08-2023 23:46:47 error: getAllGalleryItemsByProjectId,v1/gallery/getGalleryList/:projectId,Gallery is Empty,200,Tue Aug 22 2023 23:46:47 GMT+0530 (India Standard Time),Tue Aug 22 2023 23:46:47 GMT+0530 (India Standard Time)
22-08-2023 23:47:37 error: getAllGalleryItemsByProjectId,v1/gallery/getGalleryList/:projectId,Gallery is Empty,200,Tue Aug 22 2023 23:47:37 GMT+0530 (India Standard Time),Tue Aug 22 2023 23:47:37 GMT+0530 (India Standard Time)
22-08-2023 23:47:58 error: getAllGalleryItemsByProjectId,v1/gallery/getGalleryList/:projectId,Gallery is Empty,200,Tue Aug 22 2023 23:47:58 GMT+0530 (India Standard Time),Tue Aug 22 2023 23:47:58 GMT+0530 (India Standard Time)
22-08-2023 23:50:08 error: getAllGalleryItemsByProjectId,v1/gallery/getGalleryList/:projectId,Gallery is Empty,200,Tue Aug 22 2023 23:50:08 GMT+0530 (India Standard Time),Tue Aug 22 2023 23:50:08 GMT+0530 (India Standard Time)
22-08-2023 23:50:44 error: getAllGalleryItemsByProjectId,v1/gallery/getGalleryList/:projectId,Gallery is Empty,200,Tue Aug 22 2023 23:50:44 GMT+0530 (India Standard Time),Tue Aug 22 2023 23:50:44 GMT+0530 (India Standard Time)
22-08-2023 23:51:28 error: getAllGalleryItemsByProjectId,v1/gallery/getGalleryList/:projectId,Gallery is Empty,200,Tue Aug 22 2023 23:51:28 GMT+0530 (India Standard Time),Tue Aug 22 2023 23:51:28 GMT+0530 (India Standard Time)
22-08-2023 23:54:34 error: getAllGalleryItemsByProjectId,v1/gallery/getGalleryList/:projectId,Gallery is Empty,200,Tue Aug 22 2023 23:54:34 GMT+0530 (India Standard Time),Tue Aug 22 2023 23:54:34 GMT+0530 (India Standard Time)
22-08-2023 23:55:04 error: getAllGalleryItemsByProjectId,v1/gallery/getGalleryList/:projectId,Gallery is Empty,200,Tue Aug 22 2023 23:55:04 GMT+0530 (India Standard Time),Tue Aug 22 2023 23:55:04 GMT+0530 (India Standard Time)
