23-08-2023 00:03:48 error: getAllGalleryItemsByProjectId,v1/gallery/getGalleryList/:projectId,Gallery is Empty,200,Wed Aug 23 2023 00:03:48 GMT+0530 (India Standard Time),Wed Aug 23 2023 00:03:48 GMT+0530 (India Standard Time)
23-08-2023 00:03:50 error: getAllGalleryItemsByProjectId,v1/gallery/getGalleryList/:projectId,Gallery is Empty,200,Wed Aug 23 2023 00:03:50 GMT+0530 (India Standard Time),Wed Aug 23 2023 00:03:50 GMT+0530 (India Standard Time)
23-08-2023 00:03:51 error: getAllGalleryItemsByProjectId,v1/gallery/getGalleryList/:projectId,Gallery is Empty,200,Wed Aug 23 2023 00:03:51 GMT+0530 (India Standard Time),Wed Aug 23 2023 00:03:51 GMT+0530 (India Standard Time)
23-08-2023 00:04:59 error: getAllGalleryItemsByProjectId,v1/gallery/getGalleryList/:projectId,Gallery is Empty,200,Wed Aug 23 2023 00:04:59 GMT+0530 (India Standard Time),Wed Aug 23 2023 00:04:59 GMT+0530 (India Standard Time)
23-08-2023 00:05:01 error: getAllGalleryItemsByProjectId,v1/gallery/getGalleryList/:projectId,Gallery is Empty,200,Wed Aug 23 2023 00:05:01 GMT+0530 (India Standard Time),Wed Aug 23 2023 00:05:01 GMT+0530 (India Standard Time)
23-08-2023 00:51:36 error: uploadGallery,v1/gallery/uploadGallery,projectId is required,400,Wed Aug 23 2023 00:51:36 GMT+0530 (India Standard Time),Wed Aug 23 2023 00:51:36 GMT+0530 (India Standard Time)
23-08-2023 01:37:19 error: createProperty,v1/project/addProject,projectStart is not allowed,400,Wed Aug 23 2023 01:37:19 GMT+0530 (India Standard Time),Wed Aug 23 2023 01:37:19 GMT+0530 (India Standard Time)
23-08-2023 01:40:35 error: createProperty,v1/project/addProject,Project Name cannot be empty,400,Wed Aug 23 2023 01:40:35 GMT+0530 (India Standard Time),Wed Aug 23 2023 01:40:35 GMT+0530 (India Standard Time)
23-08-2023 01:50:07 error: createProperty,v1/project/addProject,Project Name cannot be empty,400,Wed Aug 23 2023 01:50:07 GMT+0530 (India Standard Time),Wed Aug 23 2023 01:50:07 GMT+0530 (India Standard Time)
23-08-2023 01:51:42 error: createProperty,v1/project/addProject,Image File Required,400,Wed Aug 23 2023 01:51:42 GMT+0530 (India Standard Time),Wed Aug 23 2023 01:51:42 GMT+0530 (India Standard Time)
23-08-2023 01:52:05 error: createProperty,v1/project/addProject,Image File Required,400,Wed Aug 23 2023 01:52:05 GMT+0530 (India Standard Time),Wed Aug 23 2023 01:52:05 GMT+0530 (India Standard Time)
23-08-2023 01:53:44 error: createProperty,v1/project/addProject,Architecture Image File Required,400,Wed Aug 23 2023 01:53:44 GMT+0530 (India Standard Time),Wed Aug 23 2023 01:53:44 GMT+0530 (India Standard Time)
23-08-2023 01:54:22 error: createProperty,v1/project/addProject,Project PDF Required,400,Wed Aug 23 2023 01:54:22 GMT+0530 (India Standard Time),Wed Aug 23 2023 01:54:22 GMT+0530 (India Standard Time)
23-08-2023 10:09:31 error: createProperty,v1/project/addProject,Project PDF Required,400,Wed Aug 23 2023 10:09:31 GMT+0530 (India Standard Time),Wed Aug 23 2023 10:09:31 GMT+0530 (India Standard Time)
23-08-2023 10:13:29 error: createProperty,v1/project/addProject,Project PDF Required,400,Wed Aug 23 2023 10:13:29 GMT+0530 (India Standard Time),Wed Aug 23 2023 10:13:29 GMT+0530 (India Standard Time)
23-08-2023 10:14:49 error: createProperty,v1/project/addProject,Project PDF Required,400,Wed Aug 23 2023 10:14:49 GMT+0530 (India Standard Time),Wed Aug 23 2023 10:14:49 GMT+0530 (India Standard Time)
23-08-2023 10:15:40 error: createProperty,v1/project/addProject,Project PDF Required,400,Wed Aug 23 2023 10:15:40 GMT+0530 (India Standard Time),Wed Aug 23 2023 10:15:40 GMT+0530 (India Standard Time)
23-08-2023 10:18:32 error: createProperty,v1/project/addProject,Project PDF Required,400,Wed Aug 23 2023 10:18:32 GMT+0530 (India Standard Time),Wed Aug 23 2023 10:18:32 GMT+0530 (India Standard Time)
23-08-2023 10:19:06 error: createProperty,v1/project/addProject,Description  is required,400,Wed Aug 23 2023 10:19:06 GMT+0530 (India Standard Time),Wed Aug 23 2023 10:19:06 GMT+0530 (India Standard Time)
23-08-2023 10:19:26 error: createProperty,v1/project/addProject,Description  is required,400,Wed Aug 23 2023 10:19:26 GMT+0530 (India Standard Time),Wed Aug 23 2023 10:19:26 GMT+0530 (India Standard Time)
23-08-2023 10:36:15 error: createProperty,v1/project/addProject,type must be one of commercial residential,400,Wed Aug 23 2023 10:36:15 GMT+0530 (India Standard Time),Wed Aug 23 2023 10:36:15 GMT+0530 (India Standard Time)
23-08-2023 10:37:25 error: createProperty,v1/project/addProject,status must be one of ongoing completed upcoming,400,Wed Aug 23 2023 10:37:25 GMT+0530 (India Standard Time),Wed Aug 23 2023 10:37:25 GMT+0530 (India Standard Time)
23-08-2023 10:40:59 error: createProperty,v1/project/addProject,type must be one of commercial residential,400,Wed Aug 23 2023 10:40:59 GMT+0530 (India Standard Time),Wed Aug 23 2023 10:40:59 GMT+0530 (India Standard Time)
23-08-2023 10:44:00 error: createProperty,v1/project/addProject,area with value test fails to match the required pattern 09,400,Wed Aug 23 2023 10:44:00 GMT+0530 (India Standard Time),Wed Aug 23 2023 10:44:00 GMT+0530 (India Standard Time)
23-08-2023 10:47:39 error: createProperty,v1/project/addProject,area with value test fails to match the required pattern 1909,400,Wed Aug 23 2023 10:47:39 GMT+0530 (India Standard Time),Wed Aug 23 2023 10:47:39 GMT+0530 (India Standard Time)
23-08-2023 10:48:13 error: createProperty,v1/project/addProject,Project Image File Required,400,Wed Aug 23 2023 10:48:13 GMT+0530 (India Standard Time),Wed Aug 23 2023 10:48:13 GMT+0530 (India Standard Time)
23-08-2023 10:48:53 error: createProperty,v1/project/addProject,type must be one of commercial residential,400,Wed Aug 23 2023 10:48:53 GMT+0530 (India Standard Time),Wed Aug 23 2023 10:48:53 GMT+0530 (India Standard Time)
23-08-2023 10:49:25 error: createProperty,v1/project/addProject,Architecture Image File Required,400,Wed Aug 23 2023 10:49:25 GMT+0530 (India Standard Time),Wed Aug 23 2023 10:49:25 GMT+0530 (India Standard Time)
23-08-2023 12:25:44 error: createProperty,v1/project/addProject,Project PDF Required,400,Wed Aug 23 2023 12:25:44 GMT+0530 (India Standard Time),Wed Aug 23 2023 12:25:44 GMT+0530 (India Standard Time)
23-08-2023 12:35:05 error: updateProject,v1/project/updateProject,Project Id is required,400,Wed Aug 23 2023 12:35:05 GMT+0530 (India Standard Time),Wed Aug 23 2023 12:35:05 GMT+0530 (India Standard Time)
23-08-2023 15:37:10 error: getProjectDetailsById,v1/project/getProjectById/:projectId,projectId is required,400,Wed Aug 23 2023 15:37:10 GMT+0530 (India Standard Time),Wed Aug 23 2023 15:37:10 GMT+0530 (India Standard Time)
23-08-2023 15:50:04 error: createProject,v1/project/addProject,Project Image File Required,400,Wed Aug 23 2023 15:50:04 GMT+0530 (India Standard Time),Wed Aug 23 2023 15:50:04 GMT+0530 (India Standard Time)
23-08-2023 15:50:08 error: createProject,v1/project/addProject,Architecture Image File Required,400,Wed Aug 23 2023 15:50:08 GMT+0530 (India Standard Time),Wed Aug 23 2023 15:50:08 GMT+0530 (India Standard Time)
23-08-2023 15:50:40 error: uploadGallery,v1/gallery/uploadGallery,projectId is required,400,Wed Aug 23 2023 15:50:40 GMT+0530 (India Standard Time),Wed Aug 23 2023 15:50:40 GMT+0530 (India Standard Time)
23-08-2023 15:50:53 error: uploadGallery,v1/gallery/uploadGallery,Image File Required,400,Wed Aug 23 2023 15:50:53 GMT+0530 (India Standard Time),Wed Aug 23 2023 15:50:53 GMT+0530 (India Standard Time)
23-08-2023 16:03:00 error: uploadGallery,v1/gallery/uploadGallery,File size 3106.9873046875 exceeds the limit: 1024,400,Wed Aug 23 2023 16:03:00 GMT+0530 (India Standard Time),Wed Aug 23 2023 16:03:00 GMT+0530 (India Standard Time)
23-08-2023 16:07:03 error: uploadGallery,v1/gallery/uploadGallery,File size 3106.9873046875 exceeds the limit: 1024,400,Wed Aug 23 2023 16:07:03 GMT+0530 (India Standard Time),Wed Aug 23 2023 16:07:03 GMT+0530 (India Standard Time)
23-08-2023 16:07:32 error: uploadGallery,v1/gallery/uploadGallery,projectId is required,400,Wed Aug 23 2023 16:07:32 GMT+0530 (India Standard Time),Wed Aug 23 2023 16:07:32 GMT+0530 (India Standard Time)
23-08-2023 16:07:57 error: uploadGallery,v1/gallery/uploadGallery,Invalid file type: .pdf. Required type is [".jpg",".jpeg",".png",".gif"],400,Wed Aug 23 2023 16:07:57 GMT+0530 (India Standard Time),Wed Aug 23 2023 16:07:57 GMT+0530 (India Standard Time)
23-08-2023 16:10:30 error: uploadGallery,v1/gallery/uploadGallery,File size 3106.9873046875 exceeds the limit: 1024,400,Wed Aug 23 2023 16:10:30 GMT+0530 (India Standard Time),Wed Aug 23 2023 16:10:30 GMT+0530 (India Standard Time)
23-08-2023 16:12:29 error: uploadGallery,v1/gallery/uploadGallery,File size 3181555 exceeds the limit: 1 MB,400,Wed Aug 23 2023 16:12:29 GMT+0530 (India Standard Time),Wed Aug 23 2023 16:12:29 GMT+0530 (India Standard Time)
23-08-2023 16:13:16 error: uploadGallery,v1/gallery/uploadGallery,File size 3 exceeds the limit: 1 MB,400,Wed Aug 23 2023 16:13:16 GMT+0530 (India Standard Time),Wed Aug 23 2023 16:13:16 GMT+0530 (India Standard Time)
23-08-2023 16:13:33 error: uploadGallery,v1/gallery/uploadGallery,File size 3 MB exceeds the limit: 1 MB,400,Wed Aug 23 2023 16:13:33 GMT+0530 (India Standard Time),Wed Aug 23 2023 16:13:33 GMT+0530 (India Standard Time)
23-08-2023 16:53:23 error: getProjectDetailsById,v1/project/deleteProject,projectId is required,400,Wed Aug 23 2023 16:53:23 GMT+0530 (India Standard Time),Wed Aug 23 2023 16:53:23 GMT+0530 (India Standard Time)
23-08-2023 16:53:31 error: getProjectDetailsById,v1/project/deleteProject,projectId is required,400,Wed Aug 23 2023 16:53:31 GMT+0530 (India Standard Time),Wed Aug 23 2023 16:53:31 GMT+0530 (India Standard Time)
23-08-2023 16:53:36 error: getProjectDetailsById,v1/project/deleteProject,projectId is required,400,Wed Aug 23 2023 16:53:36 GMT+0530 (India Standard Time),Wed Aug 23 2023 16:53:36 GMT+0530 (India Standard Time)
23-08-2023 16:54:19 error: getProjectDetailsById,v1/project/deleteProject,projectId is required,400,Wed Aug 23 2023 16:54:19 GMT+0530 (India Standard Time),Wed Aug 23 2023 16:54:19 GMT+0530 (India Standard Time)
23-08-2023 19:45:50 error: createProject,v1/project/addProject,Architecture Image File Required,400,Wed Aug 23 2023 19:45:50 GMT+0530 (India Standard Time),Wed Aug 23 2023 19:45:50 GMT+0530 (India Standard Time)
23-08-2023 19:46:51 error: createProject,v1/project/addProject,,400,Wed Aug 23 2023 19:46:51 GMT+0530 (India Standard Time),Wed Aug 23 2023 19:46:51 GMT+0530 (India Standard Time)
23-08-2023 19:48:37 error: createProject,v1/project/addProject,,400,Wed Aug 23 2023 19:48:37 GMT+0530 (India Standard Time),Wed Aug 23 2023 19:48:37 GMT+0530 (India Standard Time)
23-08-2023 19:50:27 error: createProject,v1/project/addProject,,400,Wed Aug 23 2023 19:50:27 GMT+0530 (India Standard Time),Wed Aug 23 2023 19:50:27 GMT+0530 (India Standard Time)
23-08-2023 19:51:24 error: createProject,v1/project/addProject,,400,Wed Aug 23 2023 19:51:24 GMT+0530 (India Standard Time),Wed Aug 23 2023 19:51:24 GMT+0530 (India Standard Time)
23-08-2023 19:54:51 error: createProject,v1/project/addProject,,400,Wed Aug 23 2023 19:54:51 GMT+0530 (India Standard Time),Wed Aug 23 2023 19:54:51 GMT+0530 (India Standard Time)
23-08-2023 19:57:36 error: createProject,v1/project/addProject,,400,Wed Aug 23 2023 19:57:36 GMT+0530 (India Standard Time),Wed Aug 23 2023 19:57:36 GMT+0530 (India Standard Time)
23-08-2023 19:58:31 error: createProject,v1/project/addProject,,400,Wed Aug 23 2023 19:58:31 GMT+0530 (India Standard Time),Wed Aug 23 2023 19:58:31 GMT+0530 (India Standard Time)
23-08-2023 20:31:36 error: updateProject,v1/project/updateProject,projectImage is not allowed,400,Wed Aug 23 2023 20:31:36 GMT+0530 (India Standard Time),Wed Aug 23 2023 20:31:36 GMT+0530 (India Standard Time)
23-08-2023 20:48:56 error: updateProject,v1/project/updateProject,Project Id is required,400,Wed Aug 23 2023 20:48:56 GMT+0530 (India Standard Time),Wed Aug 23 2023 20:48:56 GMT+0530 (India Standard Time)
23-08-2023 20:50:12 error: updateProject,v1/project/updateProject,Invalid file type: .pdf for Gen Terms n Conditions-PDF_signed.pdf Required type is [".jpg",".jpeg",".png",".gif"],400,Wed Aug 23 2023 20:50:12 GMT+0530 (India Standard Time),Wed Aug 23 2023 20:50:12 GMT+0530 (India Standard Time)
23-08-2023 21:18:06 error: updateProject,v1/project/updateProject,Invalid file type: .jpeg for pexels-photo-1198802.jpeg Required type is [".pdf",5],400,Wed Aug 23 2023 21:18:06 GMT+0530 (India Standard Time),Wed Aug 23 2023 21:18:06 GMT+0530 (India Standard Time)
23-08-2023 21:18:18 error: updateProject,v1/project/updateProject,Invalid file type: .jpeg for pexels-photo-1198802.jpeg Required type is [".pdf",5],400,Wed Aug 23 2023 21:18:18 GMT+0530 (India Standard Time),Wed Aug 23 2023 21:18:18 GMT+0530 (India Standard Time)
23-08-2023 21:18:20 error: updateProject,v1/project/updateProject,Invalid file type: .jpeg for pexels-photo-1198802.jpeg Required type is [".pdf",5],400,Wed Aug 23 2023 21:18:20 GMT+0530 (India Standard Time),Wed Aug 23 2023 21:18:20 GMT+0530 (India Standard Time)
23-08-2023 22:06:15 error: getProjectDetailsById,v1/project/deleteProject,projectId is required,400,Wed Aug 23 2023 22:06:15 GMT+0530 (India Standard Time),Wed Aug 23 2023 22:06:15 GMT+0530 (India Standard Time)
23-08-2023 22:06:52 error: getProjectDetailsById,v1/project/deleteProject,isActive is not allowed,400,Wed Aug 23 2023 22:06:52 GMT+0530 (India Standard Time),Wed Aug 23 2023 22:06:52 GMT+0530 (India Standard Time)
23-08-2023 23:06:24 error: getAllGalleryItemsByProjectId,v1/gallery/getGalleryList/:projectId,Gallery is Empty,200,Wed Aug 23 2023 23:06:24 GMT+0530 (India Standard Time),Wed Aug 23 2023 23:06:24 GMT+0530 (India Standard Time)
23-08-2023 23:06:48 error: getAllGalleryItemsByProjectId,v1/gallery/getGalleryList/:projectId,Gallery is Empty,200,Wed Aug 23 2023 23:06:48 GMT+0530 (India Standard Time),Wed Aug 23 2023 23:06:48 GMT+0530 (India Standard Time)
23-08-2023 23:10:46 error: getAllGalleryItemsByProjectId,v1/gallery/getGalleryList/:projectId,Gallery is Empty,200,Wed Aug 23 2023 23:10:46 GMT+0530 (India Standard Time),Wed Aug 23 2023 23:10:46 GMT+0530 (India Standard Time)
23-08-2023 23:10:48 error: getAllGalleryItemsByProjectId,v1/gallery/getGalleryList/:projectId,Gallery is Empty,200,Wed Aug 23 2023 23:10:48 GMT+0530 (India Standard Time),Wed Aug 23 2023 23:10:48 GMT+0530 (India Standard Time)
23-08-2023 23:12:44 error: getAllGalleryItemsByProjectId,v1/gallery/getGalleryList/:projectId,Gallery is Empty,200,Wed Aug 23 2023 23:12:44 GMT+0530 (India Standard Time),Wed Aug 23 2023 23:12:44 GMT+0530 (India Standard Time)
23-08-2023 23:17:23 error: getAllGalleryItemsByProjectId,v1/gallery/getGalleryList/:projectId,Gallery is Empty,200,Wed Aug 23 2023 23:17:23 GMT+0530 (India Standard Time),Wed Aug 23 2023 23:17:23 GMT+0530 (India Standard Time)
23-08-2023 23:20:19 error: getAllGalleryItemsByProjectId,v1/gallery/getGalleryList/:projectId,Gallery is Empty,200,Wed Aug 23 2023 23:20:19 GMT+0530 (India Standard Time),Wed Aug 23 2023 23:20:19 GMT+0530 (India Standard Time)
23-08-2023 23:20:29 error: getAllGalleryItemsByProjectId,v1/gallery/getGalleryList/:projectId,Gallery is Empty,200,Wed Aug 23 2023 23:20:29 GMT+0530 (India Standard Time),Wed Aug 23 2023 23:20:29 GMT+0530 (India Standard Time)
23-08-2023 23:30:05 error: getAllGalleryItemsByProjectId,v1/gallery/getGalleryList/:projectId,Gallery is Empty,200,Wed Aug 23 2023 23:30:05 GMT+0530 (India Standard Time),Wed Aug 23 2023 23:30:05 GMT+0530 (India Standard Time)
23-08-2023 23:31:49 error: getAllGalleryItemsByProjectId,v1/gallery/getGalleryList/:projectId,Gallery is Empty,200,Wed Aug 23 2023 23:31:49 GMT+0530 (India Standard Time),Wed Aug 23 2023 23:31:49 GMT+0530 (India Standard Time)
23-08-2023 23:33:09 error: getAllGalleryItemsByProjectId,v1/gallery/getGalleryList/:projectId,Gallery is Empty,200,Wed Aug 23 2023 23:33:09 GMT+0530 (India Standard Time),Wed Aug 23 2023 23:33:09 GMT+0530 (India Standard Time)
23-08-2023 23:34:23 error: getAllGalleryItemsByProjectId,v1/gallery/getGalleryList/:projectId,Gallery is Empty,200,Wed Aug 23 2023 23:34:23 GMT+0530 (India Standard Time),Wed Aug 23 2023 23:34:23 GMT+0530 (India Standard Time)
23-08-2023 23:36:03 error: getAllGalleryItemsByProjectId,v1/gallery/getGalleryList/:projectId,Gallery is Empty,200,Wed Aug 23 2023 23:36:03 GMT+0530 (India Standard Time),Wed Aug 23 2023 23:36:03 GMT+0530 (India Standard Time)
23-08-2023 23:41:48 error: getAllGalleryItemsByProjectId,v1/gallery/getGalleryList/:projectId,Data not Found,200,Wed Aug 23 2023 23:41:48 GMT+0530 (India Standard Time),Wed Aug 23 2023 23:41:48 GMT+0530 (India Standard Time)
23-08-2023 23:41:58 error: getAllGalleryItemsByProjectId,v1/gallery/getGalleryList/:projectId,Data not Found,200,Wed Aug 23 2023 23:41:58 GMT+0530 (India Standard Time),Wed Aug 23 2023 23:41:58 GMT+0530 (India Standard Time)
23-08-2023 23:46:01 error: getAllGalleryItemsByProjectId,v1/gallery/getGalleryList/:projectId,Data not Found,200,Wed Aug 23 2023 23:46:01 GMT+0530 (India Standard Time),Wed Aug 23 2023 23:46:01 GMT+0530 (India Standard Time)
23-08-2023 23:46:30 error: getAllGalleryItemsByProjectId,v1/gallery/getGalleryList/:projectId,Data not Found,200,Wed Aug 23 2023 23:46:30 GMT+0530 (India Standard Time),Wed Aug 23 2023 23:46:30 GMT+0530 (India Standard Time)
23-08-2023 23:50:47 error: getAllGalleryItemsByProjectId,v1/gallery/getGalleryList/:projectId,Data not Found,200,Wed Aug 23 2023 23:50:47 GMT+0530 (India Standard Time),Wed Aug 23 2023 23:50:47 GMT+0530 (India Standard Time)
23-08-2023 23:51:11 error: getAllGalleryItemsByProjectId,v1/gallery/getGalleryList/:projectId,Data not Found,200,Wed Aug 23 2023 23:51:11 GMT+0530 (India Standard Time),Wed Aug 23 2023 23:51:11 GMT+0530 (India Standard Time)
