27-08-2023 20:13:07 error: registration,v1/registration/addRegistration,name is required,400,Sun Aug 27 2023 20:13:07 GMT+0530 (India Standard Time),Sun Aug 27 2023 20:13:07 GMT+0530 (India Standard Time)
27-08-2023 20:16:11 error: registration,v1/registration/addRegistration,name is required,400,Sun Aug 27 2023 20:16:11 GMT+0530 (India Standard Time),Sun Aug 27 2023 20:16:11 GMT+0530 (India Standard Time)
27-08-2023 20:17:11 error: registration,v1/registration/addRegistration,name is required,400,Sun Aug 27 2023 20:17:11 GMT+0530 (India Standard Time),Sun Aug 27 2023 20:17:11 GMT+0530 (India Standard Time)
27-08-2023 20:23:07 error: registration,v1/registration/addRegistration,emailId is not allowed to be empty,400,Sun Aug 27 2023 20:23:07 GMT+0530 (India Standard Time),Sun Aug 27 2023 20:23:07 GMT+0530 (India Standard Time)
27-08-2023 20:31:39 error: contact,v1/contact/addContact,message is not allowed to be empty,400,Sun Aug 27 2023 20:31:39 GMT+0530 (India Standard Time),Sun Aug 27 2023 20:31:39 GMT+0530 (India Standard Time)
27-08-2023 20:45:45 error: contact,v1/contact/addContact,Name cannot be empty,400,Sun Aug 27 2023 20:45:45 GMT+0530 (India Standard Time),Sun Aug 27 2023 20:45:45 GMT+0530 (India Standard Time)
27-08-2023 20:51:19 error: contact,v1/contact/addContact,Name cannot be empty,400,Sun Aug 27 2023 20:51:19 GMT+0530 (India Standard Time),Sun Aug 27 2023 20:51:19 GMT+0530 (India Standard Time)
27-08-2023 20:51:36 error: contact,v1/contact/addContact,Name cannot be empty,400,Sun Aug 27 2023 20:51:36 GMT+0530 (India Standard Time),Sun Aug 27 2023 20:51:36 GMT+0530 (India Standard Time)
27-08-2023 20:58:21 error: contact,v1/contact/addContact,Name cannot be empty,400,Sun Aug 27 2023 20:58:21 GMT+0530 (India Standard Time),Sun Aug 27 2023 20:58:21 GMT+0530 (India Standard Time)
27-08-2023 21:05:05 error: contact,v1/contact/addContact,Name cannot be empty,400,Sun Aug 27 2023 21:05:05 GMT+0530 (India Standard Time),Sun Aug 27 2023 21:05:05 GMT+0530 (India Standard Time)
27-08-2023 21:05:54 error: contact,v1/contact/addContact,Name cannot be empty,400,Sun Aug 27 2023 21:05:54 GMT+0530 (India Standard Time),Sun Aug 27 2023 21:05:54 GMT+0530 (India Standard Time)
27-08-2023 21:06:34 error: contact,v1/contact/addContact,Name cannot be empty,400,Sun Aug 27 2023 21:06:34 GMT+0530 (India Standard Time),Sun Aug 27 2023 21:06:34 GMT+0530 (India Standard Time)
27-08-2023 21:07:16 error: contact,v1/contact/addContact,Name cannot be empty,400,Sun Aug 27 2023 21:07:16 GMT+0530 (India Standard Time),Sun Aug 27 2023 21:07:16 GMT+0530 (India Standard Time)
27-08-2023 21:08:22 error: contact,v1/contact/addContact,Name cannot be empty,400,Sun Aug 27 2023 21:08:22 GMT+0530 (India Standard Time),Sun Aug 27 2023 21:08:22 GMT+0530 (India Standard Time)
27-08-2023 21:08:28 error: contact,v1/contact/addContact,Name cannot be empty,400,Sun Aug 27 2023 21:08:28 GMT+0530 (India Standard Time),Sun Aug 27 2023 21:08:28 GMT+0530 (India Standard Time)
27-08-2023 21:08:31 error: contact,v1/contact/addContact,Name cannot be empty,400,Sun Aug 27 2023 21:08:31 GMT+0530 (India Standard Time),Sun Aug 27 2023 21:08:31 GMT+0530 (India Standard Time)
27-08-2023 21:08:38 error: contact,v1/contact/addContact,Name cannot be empty,400,Sun Aug 27 2023 21:08:38 GMT+0530 (India Standard Time),Sun Aug 27 2023 21:08:38 GMT+0530 (India Standard Time)
27-08-2023 21:09:51 error: contact,v1/contact/addContact,Name cannot be empty,400,Sun Aug 27 2023 21:09:51 GMT+0530 (India Standard Time),Sun Aug 27 2023 21:09:51 GMT+0530 (India Standard Time)
27-08-2023 21:10:18 error: contact,v1/contact/addContact,Name cannot be empty,400,Sun Aug 27 2023 21:10:18 GMT+0530 (India Standard Time),Sun Aug 27 2023 21:10:18 GMT+0530 (India Standard Time)
27-08-2023 21:10:25 error: contact,v1/contact/addContact,Name cannot be empty,400,Sun Aug 27 2023 21:10:25 GMT+0530 (India Standard Time),Sun Aug 27 2023 21:10:25 GMT+0530 (India Standard Time)
27-08-2023 21:10:27 error: contact,v1/contact/addContact,Name cannot be empty,400,Sun Aug 27 2023 21:10:27 GMT+0530 (India Standard Time),Sun Aug 27 2023 21:10:27 GMT+0530 (India Standard Time)
27-08-2023 21:11:35 error: contact,v1/contact/addContact,Name cannot be empty,400,Sun Aug 27 2023 21:11:35 GMT+0530 (India Standard Time),Sun Aug 27 2023 21:11:35 GMT+0530 (India Standard Time)
27-08-2023 21:11:40 error: contact,v1/contact/addContact,Name cannot be empty,400,Sun Aug 27 2023 21:11:40 GMT+0530 (India Standard Time),Sun Aug 27 2023 21:11:40 GMT+0530 (India Standard Time)
27-08-2023 21:11:54 error: contact,v1/contact/addContact,Name cannot be empty,400,Sun Aug 27 2023 21:11:54 GMT+0530 (India Standard Time),Sun Aug 27 2023 21:11:54 GMT+0530 (India Standard Time)
27-08-2023 21:11:59 error: contact,v1/contact/addContact,Name cannot be empty,400,Sun Aug 27 2023 21:11:59 GMT+0530 (India Standard Time),Sun Aug 27 2023 21:11:59 GMT+0530 (India Standard Time)
27-08-2023 21:12:00 error: contact,v1/contact/addContact,Name cannot be empty,400,Sun Aug 27 2023 21:12:00 GMT+0530 (India Standard Time),Sun Aug 27 2023 21:12:00 GMT+0530 (India Standard Time)
27-08-2023 21:12:00 error: contact,v1/contact/addContact,Name cannot be empty,400,Sun Aug 27 2023 21:12:00 GMT+0530 (India Standard Time),Sun Aug 27 2023 21:12:00 GMT+0530 (India Standard Time)
27-08-2023 21:12:00 error: contact,v1/contact/addContact,Name cannot be empty,400,Sun Aug 27 2023 21:12:00 GMT+0530 (India Standard Time),Sun Aug 27 2023 21:12:00 GMT+0530 (India Standard Time)
27-08-2023 21:12:58 error: contact,v1/contact/addContact,Name cannot be empty,400,Sun Aug 27 2023 21:12:58 GMT+0530 (India Standard Time),Sun Aug 27 2023 21:12:58 GMT+0530 (India Standard Time)
27-08-2023 21:13:01 error: contact,v1/contact/addContact,Name cannot be empty,400,Sun Aug 27 2023 21:13:01 GMT+0530 (India Standard Time),Sun Aug 27 2023 21:13:01 GMT+0530 (India Standard Time)
27-08-2023 21:13:56 error: contact,v1/contact/addContact,Name cannot be empty,400,Sun Aug 27 2023 21:13:56 GMT+0530 (India Standard Time),Sun Aug 27 2023 21:13:56 GMT+0530 (India Standard Time)
27-08-2023 21:17:02 error: contact,v1/contact/addContact,Name cannot be empty,400,Sun Aug 27 2023 21:17:02 GMT+0530 (India Standard Time),Sun Aug 27 2023 21:17:02 GMT+0530 (India Standard Time)
27-08-2023 21:18:35 error: contact,v1/contact/addContact,Name cannot be empty,400,Sun Aug 27 2023 21:18:35 GMT+0530 (India Standard Time),Sun Aug 27 2023 21:18:35 GMT+0530 (India Standard Time)
27-08-2023 21:18:43 error: contact,v1/contact/addContact,Name cannot be empty,400,Sun Aug 27 2023 21:18:43 GMT+0530 (India Standard Time),Sun Aug 27 2023 21:18:43 GMT+0530 (India Standard Time)
27-08-2023 21:20:02 error: contact,v1/contact/addContact,Name cannot be empty,400,Sun Aug 27 2023 21:20:02 GMT+0530 (India Standard Time),Sun Aug 27 2023 21:20:02 GMT+0530 (India Standard Time)
27-08-2023 21:20:29 error: contact,v1/contact/addContact,Name cannot be empty,400,Sun Aug 27 2023 21:20:29 GMT+0530 (India Standard Time),Sun Aug 27 2023 21:20:29 GMT+0530 (India Standard Time)
27-08-2023 21:20:42 error: contact,v1/contact/addContact,Name cannot be empty,400,Sun Aug 27 2023 21:20:42 GMT+0530 (India Standard Time),Sun Aug 27 2023 21:20:42 GMT+0530 (India Standard Time)
27-08-2023 21:23:16 error: contact,v1/contact/addContact,Name cannot be empty,400,Sun Aug 27 2023 21:23:16 GMT+0530 (India Standard Time),Sun Aug 27 2023 21:23:16 GMT+0530 (India Standard Time)
27-08-2023 21:23:22 error: contact,v1/contact/addContact,Name cannot be empty,400,Sun Aug 27 2023 21:23:22 GMT+0530 (India Standard Time),Sun Aug 27 2023 21:23:22 GMT+0530 (India Standard Time)
27-08-2023 21:23:40 error: contact,v1/contact/addContact,Name cannot be empty,400,Sun Aug 27 2023 21:23:40 GMT+0530 (India Standard Time),Sun Aug 27 2023 21:23:40 GMT+0530 (India Standard Time)
27-08-2023 21:25:29 error: contact,v1/contact/addContact,Name cannot be empty,400,Sun Aug 27 2023 21:25:29 GMT+0530 (India Standard Time),Sun Aug 27 2023 21:25:29 GMT+0530 (India Standard Time)
27-08-2023 21:27:01 error: contact,v1/contact/addContact,Name cannot be empty,400,Sun Aug 27 2023 21:27:01 GMT+0530 (India Standard Time),Sun Aug 27 2023 21:27:01 GMT+0530 (India Standard Time)
27-08-2023 21:31:23 error: registration,v1/registration/addRegistration,name is not allowed to be empty,400,Sun Aug 27 2023 21:31:23 GMT+0530 (India Standard Time),Sun Aug 27 2023 21:31:23 GMT+0530 (India Standard Time)
27-08-2023 21:32:32 error: registration,v1/registration/addRegistration,name is not allowed to be empty,400,Sun Aug 27 2023 21:32:32 GMT+0530 (India Standard Time),Sun Aug 27 2023 21:32:32 GMT+0530 (India Standard Time)
27-08-2023 21:32:38 error: registration,v1/registration/addRegistration,name is not allowed to be empty,400,Sun Aug 27 2023 21:32:38 GMT+0530 (India Standard Time),Sun Aug 27 2023 21:32:38 GMT+0530 (India Standard Time)
