28-08-2023 10:37:31 error: contact,v1/contact/addContact,Name cannot be empty,400,Mon Aug 28 2023 10:37:31 GMT+0530 (India Standard Time),Mon Aug 28 2023 10:37:31 GMT+0530 (India Standard Time)
28-08-2023 10:37:44 error: registration,v1/registration/addRegistration,name is not allowed to be empty,400,Mon Aug 28 2023 10:37:44 GMT+0530 (India Standard Time),Mon Aug 28 2023 10:37:44 GMT+0530 (India Standard Time)
28-08-2023 10:38:42 error: registration,v1/registration/addRegistration,name is not allowed to be empty,400,Mon Aug 28 2023 10:38:42 GMT+0530 (India Standard Time),Mon Aug 28 2023 10:38:42 GMT+0530 (India Standard Time)
28-08-2023 11:00:49 error: registration,v1/registration/addRegistration,name is not allowed to be empty,400,Mon Aug 28 2023 11:00:49 GMT+0530 (India Standard Time),Mon Aug 28 2023 11:00:49 GMT+0530 (India Standard Time)
28-08-2023 11:55:20 error: registration,v1/registration/addRegistration,name is not allowed to be empty,400,Mon Aug 28 2023 11:55:20 GMT+0530 (India Standard Time),Mon Aug 28 2023 11:55:20 GMT+0530 (India Standard Time)
28-08-2023 11:56:05 error: contact,v1/contact/addContact,Name cannot be empty,400,Mon Aug 28 2023 11:56:05 GMT+0530 (India Standard Time),Mon Aug 28 2023 11:56:05 GMT+0530 (India Standard Time)
28-08-2023 15:36:28 error: contact,v1/contact/addContact,Name cannot be empty,400,Mon Aug 28 2023 15:36:28 GMT+0530 (India Standard Time),Mon Aug 28 2023 15:36:28 GMT+0530 (India Standard Time)
28-08-2023 21:08:08 error: login,v1/admin/login,Successfully Logged-In,200,Mon Aug 28 2023 21:08:08 GMT+0530 (India Standard Time),Mon Aug 28 2023 21:08:08 GMT+0530 (India Standard Time)
28-08-2023 22:06:07 error: createProject,v1/project/addProject,Project Name cannot be empty,400,Mon Aug 28 2023 22:06:07 GMT+0530 (India Standard Time),Mon Aug 28 2023 22:06:07 GMT+0530 (India Standard Time)
28-08-2023 22:06:28 error: createProject,v1/project/addProject,Project Name cannot be empty,400,Mon Aug 28 2023 22:06:28 GMT+0530 (India Standard Time),Mon Aug 28 2023 22:06:28 GMT+0530 (India Standard Time)
28-08-2023 22:08:50 error: createProject,v1/project/addProject,Project Name cannot be empty,400,Mon Aug 28 2023 22:08:50 GMT+0530 (India Standard Time),Mon Aug 28 2023 22:08:50 GMT+0530 (India Standard Time)
28-08-2023 22:10:34 error: createProject,v1/project/addProject,Project Name cannot be empty,400,Mon Aug 28 2023 22:10:34 GMT+0530 (India Standard Time),Mon Aug 28 2023 22:10:34 GMT+0530 (India Standard Time)
28-08-2023 22:11:58 error: createProject,v1/project/addProject,Project Name cannot be empty,400,Mon Aug 28 2023 22:11:58 GMT+0530 (India Standard Time),Mon Aug 28 2023 22:11:58 GMT+0530 (India Standard Time)
28-08-2023 22:13:01 error: createProject,v1/project/addProject,Project Name cannot be empty,400,Mon Aug 28 2023 22:13:01 GMT+0530 (India Standard Time),Mon Aug 28 2023 22:13:01 GMT+0530 (India Standard Time)
28-08-2023 22:13:58 error: createProject,v1/project/addProject,Project Name cannot be empty,400,Mon Aug 28 2023 22:13:58 GMT+0530 (India Standard Time),Mon Aug 28 2023 22:13:58 GMT+0530 (India Standard Time)
28-08-2023 22:14:09 error: createProject,v1/project/addProject,Location cannot be empty,400,Mon Aug 28 2023 22:14:09 GMT+0530 (India Standard Time),Mon Aug 28 2023 22:14:09 GMT+0530 (India Standard Time)
28-08-2023 22:14:23 error: createProject,v1/project/addProject,Description cannot be empty,400,Mon Aug 28 2023 22:14:23 GMT+0530 (India Standard Time),Mon Aug 28 2023 22:14:23 GMT+0530 (India Standard Time)
28-08-2023 22:14:32 error: createProject,v1/project/addProject,type must be one of commercial residential,400,Mon Aug 28 2023 22:14:32 GMT+0530 (India Standard Time),Mon Aug 28 2023 22:14:32 GMT+0530 (India Standard Time)
28-08-2023 22:14:42 error: createProject,v1/project/addProject,address is not allowed to be empty,400,Mon Aug 28 2023 22:14:42 GMT+0530 (India Standard Time),Mon Aug 28 2023 22:14:42 GMT+0530 (India Standard Time)
28-08-2023 22:14:48 error: createProject,v1/project/addProject,status must be one of ongoing completed upcoming,400,Mon Aug 28 2023 22:14:48 GMT+0530 (India Standard Time),Mon Aug 28 2023 22:14:48 GMT+0530 (India Standard Time)
28-08-2023 22:14:55 error: createProject,v1/project/addProject,area with value 0 fails to match the required pattern 1909,400,Mon Aug 28 2023 22:14:55 GMT+0530 (India Standard Time),Mon Aug 28 2023 22:14:55 GMT+0530 (India Standard Time)
