29-08-2023 00:18:17 error: addAminity,v1/amenity/addAminity, projectId is required,400,Tue Aug 29 2023 00:18:17 GMT+0530 (India Standard Time),Tue Aug 29 2023 00:18:17 GMT+0530 (India Standard Time)
29-08-2023 00:18:34 error: addAminity,v1/amenity/addAminity,amenities must be a string,400,Tue Aug 29 2023 00:18:34 GMT+0530 (India Standard Time),Tue Aug 29 2023 00:18:34 GMT+0530 (India Standard Time)
29-08-2023 00:20:33 error: addAminity,v1/amenity/addAminity, projectId is required,400,Tue Aug 29 2023 00:20:33 GMT+0530 (India Standard Time),Tue Aug 29 2023 00:20:33 GMT+0530 (India Standard Time)
29-08-2023 11:41:46 error: addAminity,v1/amenity/addAminity, projectId is required,400,Tue Aug 29 2023 11:41:46 GMT+0530 (India Standard Time),Tue Aug 29 2023 11:41:46 GMT+0530 (India Standard Time)
29-08-2023 11:43:36 error: getAllGalleryItemsByProjectId,v1/gallery/getGalleryList/:projectId,getAllGalleryItemsByProjectId,200,Tue Aug 29 2023 11:43:36 GMT+0530 (India Standard Time),Tue Aug 29 2023 11:43:36 GMT+0530 (India Standard Time)
29-08-2023 14:52:28 error: contact,v1/project/addhighlights, projectId is required,400,Tue Aug 29 2023 14:52:28 GMT+0530 (India Standard Time),Tue Aug 29 2023 14:52:28 GMT+0530 (India Standard Time)
29-08-2023 14:53:29 error: contact,v1/project/addhighlights, projectId is required,400,Tue Aug 29 2023 14:53:29 GMT+0530 (India Standard Time),Tue Aug 29 2023 14:53:29 GMT+0530 (India Standard Time)
29-08-2023 14:58:12 error: contact,v1/project/addhighlights,TypeError: ProjectService.contactServices is not a function,400,Tue Aug 29 2023 14:58:12 GMT+0530 (India Standard Time),Tue Aug 29 2023 14:58:12 GMT+0530 (India Standard Time)
29-08-2023 16:48:26 error: createProject,v1/project/addProject,status must be one of ongoing completed upcoming,400,Tue Aug 29 2023 16:48:26 GMT+0530 (India Standard Time),Tue Aug 29 2023 16:48:26 GMT+0530 (India Standard Time)
29-08-2023 16:49:08 error: createProject,v1/project/addProject,City name cannot be empty,400,Tue Aug 29 2023 16:49:08 GMT+0530 (India Standard Time),Tue Aug 29 2023 16:49:08 GMT+0530 (India Standard Time)
29-08-2023 17:04:52 error: addAminity,v1/amenity/addAminity,amenities is required,400,Tue Aug 29 2023 17:04:52 GMT+0530 (India Standard Time),Tue Aug 29 2023 17:04:52 GMT+0530 (India Standard Time)
29-08-2023 17:09:27 error: addAminity,v1/amenity/addAminity,amenities is required,400,Tue Aug 29 2023 17:09:27 GMT+0530 (India Standard Time),Tue Aug 29 2023 17:09:27 GMT+0530 (India Standard Time)
29-08-2023 17:27:34 error: getAllGalleryItemsByProjectId,v1/gallery/getGalleryList/:projectId,getAllGalleryItemsByProjectId,200,Tue Aug 29 2023 17:27:34 GMT+0530 (India Standard Time),Tue Aug 29 2023 17:27:34 GMT+0530 (India Standard Time)
29-08-2023 17:29:49 error: getAllGalleryItemsByProjectId,v1/gallery/getGalleryList/:projectId,getAllGalleryItemsByProjectId,200,Tue Aug 29 2023 17:29:49 GMT+0530 (India Standard Time),Tue Aug 29 2023 17:29:49 GMT+0530 (India Standard Time)
29-08-2023 17:37:17 error: addAminity,v1/amenity/addAminity,amenities is required,400,Tue Aug 29 2023 17:37:17 GMT+0530 (India Standard Time),Tue Aug 29 2023 17:37:17 GMT+0530 (India Standard Time)
29-08-2023 17:39:59 error: addAminity,v1/amenity/addAminity,amenities is required,400,Tue Aug 29 2023 17:39:59 GMT+0530 (India Standard Time),Tue Aug 29 2023 17:39:59 GMT+0530 (India Standard Time)
29-08-2023 17:40:41 error: addAminity,v1/amenity/addAminity,amenities is required,400,Tue Aug 29 2023 17:40:41 GMT+0530 (India Standard Time),Tue Aug 29 2023 17:40:41 GMT+0530 (India Standard Time)
29-08-2023 17:43:08 error: addAminity,v1/amenity/addAminity,amenities is required,400,Tue Aug 29 2023 17:43:08 GMT+0530 (India Standard Time),Tue Aug 29 2023 17:43:08 GMT+0530 (India Standard Time)
29-08-2023 17:44:20 error: addAminity,v1/amenity/addAminity,amenities is required,400,Tue Aug 29 2023 17:44:20 GMT+0530 (India Standard Time),Tue Aug 29 2023 17:44:20 GMT+0530 (India Standard Time)
29-08-2023 17:52:43 error: addAminity,v1/amenity/addAminity, projectId is required,400,Tue Aug 29 2023 17:52:43 GMT+0530 (India Standard Time),Tue Aug 29 2023 17:52:43 GMT+0530 (India Standard Time)
29-08-2023 17:53:24 error: addAminity,v1/amenity/addAminity,amenities is required,400,Tue Aug 29 2023 17:53:24 GMT+0530 (India Standard Time),Tue Aug 29 2023 17:53:24 GMT+0530 (India Standard Time)
29-08-2023 17:54:21 error: addAminity,v1/amenity/addAminity,amenities is required,400,Tue Aug 29 2023 17:54:21 GMT+0530 (India Standard Time),Tue Aug 29 2023 17:54:21 GMT+0530 (India Standard Time)
29-08-2023 17:54:54 error: addAminity,v1/amenity/addAminity,amenities is required,400,Tue Aug 29 2023 17:54:54 GMT+0530 (India Standard Time),Tue Aug 29 2023 17:54:54 GMT+0530 (India Standard Time)
29-08-2023 17:56:42 error: addAminity,v1/amenity/addAminity,amenities is required,400,Tue Aug 29 2023 17:56:42 GMT+0530 (India Standard Time),Tue Aug 29 2023 17:56:42 GMT+0530 (India Standard Time)
29-08-2023 17:59:15 error: addAminity,v1/amenity/addAminity,amenities is required,400,Tue Aug 29 2023 17:59:15 GMT+0530 (India Standard Time),Tue Aug 29 2023 17:59:15 GMT+0530 (India Standard Time)
29-08-2023 18:42:58 error: addAminity,v1/amenity/addAminity,amenities is required,400,Tue Aug 29 2023 18:42:58 GMT+0530 (India Standard Time),Tue Aug 29 2023 18:42:58 GMT+0530 (India Standard Time)
29-08-2023 23:21:04 error: registration,v1/registration/addRegistration,name is not allowed to be empty,400,Tue Aug 29 2023 23:21:04 GMT+0530 (India Standard Time),Tue Aug 29 2023 23:21:04 GMT+0530 (India Standard Time)
